[36m2024-11-10 18:34:02[0;39m [32m[main][0;39m [34mINFO [0;39m [1;35mc.g.GanmaApplication[0;39m - (Starting GanmaApplication using Java 17.0.12 with PID 20908 (C:\Users\User\Desktop\ganma\target\classes started by User in C:\Users\User\Desktop\ganma)
[36m2024-11-10 18:34:02[0;39m [32m[main][0;39m [34mINFO [0;39m [1;35mc.g.GanmaApplication[0;39m - (No active profile set, falling back to 1 default profile: "default"
[36m2024-11-10 18:34:09[0;39m [32m[main][0;39m [34mINFO [0;39m [1;35mo.a.c.h.Http11NioProtocol[0;39m - (Initializing ProtocolHandler ["http-nio-8081"]
[36m2024-11-10 18:34:09[0;39m [32m[main][0;39m [34mINFO [0;39m [1;35mo.a.c.c.StandardService[0;39m - (Starting service [Tomcat]
[36m2024-11-10 18:34:09[0;39m [32m[main][0;39m [34mINFO [0;39m [1;35mo.a.c.c.StandardEngine[0;39m - (Starting Servlet engine: [Apache Tomcat/10.1.19]
[36m2024-11-10 18:34:10[0;39m [32m[main][0;39m [34mINFO [0;39m [1;35mo.a.c.c.C.[.[.[/][0;39m - (Initializing Spring embedded WebApplicationContext
[36m2024-11-10 18:34:12[0;39m [32m[main][0;39m [34mINFO [0;39m [1;35mc.z.h.HikariDataSource[0;39m - (HikariPool-1 - Starting...
[36m2024-11-10 18:34:13[0;39m [32m[main][0;39m [34mINFO [0;39m [1;35mo.a.c.c.StandardService[0;39m - (Stopping service [Tomcat]
[36m2024-11-10 18:40:45[0;39m [32m[main][0;39m [34mINFO [0;39m [1;35mc.g.GanmaApplication[0;39m - (Starting GanmaApplication using Java 17.0.12 with PID 11940 (C:\Users\User\Desktop\ganma\target\classes started by User in C:\Users\User\Desktop\ganma)
[36m2024-11-10 18:40:46[0;39m [32m[main][0;39m [34mINFO [0;39m [1;35mc.g.GanmaApplication[0;39m - (No active profile set, falling back to 1 default profile: "default"
[36m2024-11-10 18:40:52[0;39m [32m[main][0;39m [34mINFO [0;39m [1;35mo.a.c.h.Http11NioProtocol[0;39m - (Initializing ProtocolHandler ["http-nio-8081"]
[36m2024-11-10 18:40:52[0;39m [32m[main][0;39m [34mINFO [0;39m [1;35mo.a.c.c.StandardService[0;39m - (Starting service [Tomcat]
[36m2024-11-10 18:40:52[0;39m [32m[main][0;39m [34mINFO [0;39m [1;35mo.a.c.c.StandardEngine[0;39m - (Starting Servlet engine: [Apache Tomcat/10.1.19]
[36m2024-11-10 18:40:52[0;39m [32m[main][0;39m [34mINFO [0;39m [1;35mo.a.c.c.C.[.[.[/][0;39m - (Initializing Spring embedded WebApplicationContext
[36m2024-11-10 18:40:54[0;39m [32m[main][0;39m [34mINFO [0;39m [1;35mc.z.h.HikariDataSource[0;39m - (HikariPool-1 - Starting...
[36m2024-11-10 18:40:54[0;39m [32m[main][0;39m [34mINFO [0;39m [1;35mc.z.h.p.HikariPool[0;39m - (HikariPool-1 - Added connection com.mysql.cj.jdbc.ConnectionImpl@1a4083f6
[36m2024-11-10 18:40:54[0;39m [32m[main][0;39m [34mINFO [0;39m [1;35mc.z.h.HikariDataSource[0;39m - (HikariPool-1 - Start completed.
[36m2024-11-10 18:40:54[0;39m [32m[main][0;39m [34mINFO [0;39m [1;35mc.z.h.HikariDataSource[0;39m - (HikariPool-1 - Shutdown initiated...
[36m2024-11-10 18:40:54[0;39m [32m[main][0;39m [34mINFO [0;39m [1;35mc.z.h.HikariDataSource[0;39m - (HikariPool-1 - Shutdown completed.
[36m2024-11-10 18:40:54[0;39m [32m[main][0;39m [34mINFO [0;39m [1;35mo.a.c.c.StandardService[0;39m - (Stopping service [Tomcat]
[36m2024-11-10 18:44:36[0;39m [32m[main][0;39m [34mINFO [0;39m [1;35mc.g.GanmaApplication[0;39m - (Starting GanmaApplication using Java 17.0.12 with PID 1740 (C:\Users\User\Desktop\ganma\target\classes started by User in C:\Users\User\Desktop\ganma)
[36m2024-11-10 18:44:36[0;39m [32m[main][0;39m [34mINFO [0;39m [1;35mc.g.GanmaApplication[0;39m - (No active profile set, falling back to 1 default profile: "default"
[36m2024-11-10 18:44:42[0;39m [32m[main][0;39m [34mINFO [0;39m [1;35mo.a.c.h.Http11NioProtocol[0;39m - (Initializing ProtocolHandler ["http-nio-8081"]
[36m2024-11-10 18:44:42[0;39m [32m[main][0;39m [34mINFO [0;39m [1;35mo.a.c.c.StandardService[0;39m - (Starting service [Tomcat]
[36m2024-11-10 18:44:42[0;39m [32m[main][0;39m [34mINFO [0;39m [1;35mo.a.c.c.StandardEngine[0;39m - (Starting Servlet engine: [Apache Tomcat/10.1.19]
[36m2024-11-10 18:44:42[0;39m [32m[main][0;39m [34mINFO [0;39m [1;35mo.a.c.c.C.[.[.[/][0;39m - (Initializing Spring embedded WebApplicationContext
[36m2024-11-10 18:44:44[0;39m [32m[main][0;39m [34mINFO [0;39m [1;35mc.z.h.HikariDataSource[0;39m - (HikariPool-1 - Starting...
[36m2024-11-10 18:44:45[0;39m [32m[main][0;39m [34mINFO [0;39m [1;35mc.z.h.p.HikariPool[0;39m - (HikariPool-1 - Added connection com.mysql.cj.jdbc.ConnectionImpl@7ab33ca8
[36m2024-11-10 18:44:45[0;39m [32m[main][0;39m [34mINFO [0;39m [1;35mc.z.h.HikariDataSource[0;39m - (HikariPool-1 - Start completed.
[36m2024-11-10 18:44:45[0;39m [32m[main][0;39m [34mINFO [0;39m [1;35mc.z.h.HikariDataSource[0;39m - (HikariPool-1 - Shutdown initiated...
[36m2024-11-10 18:44:45[0;39m [32m[main][0;39m [34mINFO [0;39m [1;35mc.z.h.HikariDataSource[0;39m - (HikariPool-1 - Shutdown completed.
[36m2024-11-10 18:44:45[0;39m [32m[main][0;39m [34mINFO [0;39m [1;35mo.a.c.c.StandardService[0;39m - (Stopping service [Tomcat]
[36m2024-11-10 18:51:51[0;39m [32m[main][0;39m [34mINFO [0;39m [1;35mc.g.GanmaApplication[0;39m - (Starting GanmaApplication using Java 17.0.12 with PID 5468 (C:\Users\User\Desktop\ganma\target\classes started by User in C:\Users\User\Desktop\ganma)
[36m2024-11-10 18:51:51[0;39m [32m[main][0;39m [34mINFO [0;39m [1;35mc.g.GanmaApplication[0;39m - (No active profile set, falling back to 1 default profile: "default"
[36m2024-11-10 18:51:57[0;39m [32m[main][0;39m [34mINFO [0;39m [1;35mo.a.c.h.Http11NioProtocol[0;39m - (Initializing ProtocolHandler ["http-nio-8081"]
[36m2024-11-10 18:51:57[0;39m [32m[main][0;39m [34mINFO [0;39m [1;35mo.a.c.c.StandardService[0;39m - (Starting service [Tomcat]
[36m2024-11-10 18:51:57[0;39m [32m[main][0;39m [34mINFO [0;39m [1;35mo.a.c.c.StandardEngine[0;39m - (Starting Servlet engine: [Apache Tomcat/10.1.19]
[36m2024-11-10 18:51:57[0;39m [32m[main][0;39m [34mINFO [0;39m [1;35mo.a.c.c.C.[.[.[/][0;39m - (Initializing Spring embedded WebApplicationContext
[36m2024-11-10 18:51:59[0;39m [32m[main][0;39m [34mINFO [0;39m [1;35mc.z.h.HikariDataSource[0;39m - (HikariPool-1 - Starting...
[36m2024-11-10 18:51:59[0;39m [32m[main][0;39m [34mINFO [0;39m [1;35mc.z.h.p.HikariPool[0;39m - (HikariPool-1 - Added connection com.mysql.cj.jdbc.ConnectionImpl@29147c12
[36m2024-11-10 18:51:59[0;39m [32m[main][0;39m [34mINFO [0;39m [1;35mc.z.h.HikariDataSource[0;39m - (HikariPool-1 - Start completed.
[36m2024-11-10 18:51:59[0;39m [32m[main][0;39m [34mINFO [0;39m [1;35mc.z.h.HikariDataSource[0;39m - (HikariPool-1 - Shutdown initiated...
[36m2024-11-10 18:51:59[0;39m [32m[main][0;39m [34mINFO [0;39m [1;35mc.z.h.HikariDataSource[0;39m - (HikariPool-1 - Shutdown completed.
[36m2024-11-10 18:51:59[0;39m [32m[main][0;39m [34mINFO [0;39m [1;35mo.a.c.c.StandardService[0;39m - (Stopping service [Tomcat]
[36m2024-11-10 18:59:16[0;39m [32m[main][0;39m [34mINFO [0;39m [1;35mc.g.GanmaApplication[0;39m - (Starting GanmaApplication using Java 17.0.12 with PID 14172 (C:\Users\User\Desktop\ganma\target\classes started by User in C:\Users\User\Desktop\ganma)
[36m2024-11-10 18:59:16[0;39m [32m[main][0;39m [34mINFO [0;39m [1;35mc.g.GanmaApplication[0;39m - (No active profile set, falling back to 1 default profile: "default"
[36m2024-11-10 18:59:21[0;39m [32m[main][0;39m [34mINFO [0;39m [1;35mo.a.c.h.Http11NioProtocol[0;39m - (Initializing ProtocolHandler ["http-nio-8081"]
[36m2024-11-10 18:59:21[0;39m [32m[main][0;39m [34mINFO [0;39m [1;35mo.a.c.c.StandardService[0;39m - (Starting service [Tomcat]
[36m2024-11-10 18:59:21[0;39m [32m[main][0;39m [34mINFO [0;39m [1;35mo.a.c.c.StandardEngine[0;39m - (Starting Servlet engine: [Apache Tomcat/10.1.19]
[36m2024-11-10 18:59:21[0;39m [32m[main][0;39m [34mINFO [0;39m [1;35mo.a.c.c.C.[.[.[/][0;39m - (Initializing Spring embedded WebApplicationContext
[36m2024-11-10 18:59:23[0;39m [32m[main][0;39m [34mINFO [0;39m [1;35mc.z.h.HikariDataSource[0;39m - (HikariPool-1 - Starting...
[36m2024-11-10 18:59:23[0;39m [32m[main][0;39m [34mINFO [0;39m [1;35mc.z.h.p.HikariPool[0;39m - (HikariPool-1 - Added connection com.mysql.cj.jdbc.ConnectionImpl@c318864
[36m2024-11-10 18:59:23[0;39m [32m[main][0;39m [34mINFO [0;39m [1;35mc.z.h.HikariDataSource[0;39m - (HikariPool-1 - Start completed.
[36m2024-11-10 18:59:23[0;39m [32m[main][0;39m [34mINFO [0;39m [1;35mc.z.h.HikariDataSource[0;39m - (HikariPool-1 - Shutdown initiated...
[36m2024-11-10 18:59:23[0;39m [32m[main][0;39m [34mINFO [0;39m [1;35mc.z.h.HikariDataSource[0;39m - (HikariPool-1 - Shutdown completed.
[36m2024-11-10 18:59:23[0;39m [32m[main][0;39m [34mINFO [0;39m [1;35mo.a.c.c.StandardService[0;39m - (Stopping service [Tomcat]
[36m2024-11-10 19:01:29[0;39m [32m[main][0;39m [34mINFO [0;39m [1;35mc.g.GanmaApplication[0;39m - (Starting GanmaApplication using Java 17.0.12 with PID 11472 (C:\Users\User\Desktop\ganma\target\classes started by User in C:\Users\User\Desktop\ganma)
[36m2024-11-10 19:01:29[0;39m [32m[main][0;39m [34mINFO [0;39m [1;35mc.g.GanmaApplication[0;39m - (No active profile set, falling back to 1 default profile: "default"
[36m2024-11-10 19:01:33[0;39m [32m[main][0;39m [34mINFO [0;39m [1;35mo.a.c.h.Http11NioProtocol[0;39m - (Initializing ProtocolHandler ["http-nio-8082"]
[36m2024-11-10 19:01:33[0;39m [32m[main][0;39m [34mINFO [0;39m [1;35mo.a.c.c.StandardService[0;39m - (Starting service [Tomcat]
[36m2024-11-10 19:01:33[0;39m [32m[main][0;39m [34mINFO [0;39m [1;35mo.a.c.c.StandardEngine[0;39m - (Starting Servlet engine: [Apache Tomcat/10.1.19]
[36m2024-11-10 19:01:33[0;39m [32m[main][0;39m [34mINFO [0;39m [1;35mo.a.c.c.C.[.[.[/][0;39m - (Initializing Spring embedded WebApplicationContext
[36m2024-11-10 19:01:35[0;39m [32m[main][0;39m [34mINFO [0;39m [1;35mc.z.h.HikariDataSource[0;39m - (HikariPool-1 - Starting...
[36m2024-11-10 19:01:36[0;39m [32m[main][0;39m [34mINFO [0;39m [1;35mc.z.h.p.HikariPool[0;39m - (HikariPool-1 - Added connection com.mysql.cj.jdbc.ConnectionImpl@7d61468c
[36m2024-11-10 19:01:36[0;39m [32m[main][0;39m [34mINFO [0;39m [1;35mc.z.h.HikariDataSource[0;39m - (HikariPool-1 - Start completed.
[36m2024-11-10 19:01:36[0;39m [32m[main][0;39m [34mINFO [0;39m [1;35mc.z.h.HikariDataSource[0;39m - (HikariPool-1 - Shutdown initiated...
[36m2024-11-10 19:01:36[0;39m [32m[main][0;39m [34mINFO [0;39m [1;35mc.z.h.HikariDataSource[0;39m - (HikariPool-1 - Shutdown completed.
[36m2024-11-10 19:01:36[0;39m [32m[main][0;39m [34mINFO [0;39m [1;35mo.a.c.c.StandardService[0;39m - (Stopping service [Tomcat]
[36m2024-11-10 19:03:58[0;39m [32m[main][0;39m [34mINFO [0;39m [1;35mc.g.GanmaApplication[0;39m - (Starting GanmaApplication using Java 17.0.12 with PID 4732 (C:\Users\User\Desktop\ganma\target\classes started by User in C:\Users\User\Desktop\ganma)
[36m2024-11-10 19:03:58[0;39m [32m[main][0;39m [34mINFO [0;39m [1;35mc.g.GanmaApplication[0;39m - (No active profile set, falling back to 1 default profile: "default"
[36m2024-11-10 19:04:04[0;39m [32m[main][0;39m [34mINFO [0;39m [1;35mo.a.c.h.Http11NioProtocol[0;39m - (Initializing ProtocolHandler ["http-nio-8082"]
[36m2024-11-10 19:04:04[0;39m [32m[main][0;39m [34mINFO [0;39m [1;35mo.a.c.c.StandardService[0;39m - (Starting service [Tomcat]
[36m2024-11-10 19:04:04[0;39m [32m[main][0;39m [34mINFO [0;39m [1;35mo.a.c.c.StandardEngine[0;39m - (Starting Servlet engine: [Apache Tomcat/10.1.19]
[36m2024-11-10 19:04:04[0;39m [32m[main][0;39m [34mINFO [0;39m [1;35mo.a.c.c.C.[.[.[/][0;39m - (Initializing Spring embedded WebApplicationContext
[36m2024-11-10 19:04:05[0;39m [32m[main][0;39m [34mINFO [0;39m [1;35mc.z.h.HikariDataSource[0;39m - (HikariPool-1 - Starting...
[36m2024-11-10 19:04:06[0;39m [32m[main][0;39m [34mINFO [0;39m [1;35mc.z.h.p.HikariPool[0;39m - (HikariPool-1 - Added connection com.mysql.cj.jdbc.ConnectionImpl@ce655b9
[36m2024-11-10 19:04:06[0;39m [32m[main][0;39m [34mINFO [0;39m [1;35mc.z.h.HikariDataSource[0;39m - (HikariPool-1 - Start completed.
[36m2024-11-10 19:04:06[0;39m [32m[main][0;39m [34mINFO [0;39m [1;35mc.z.h.HikariDataSource[0;39m - (HikariPool-1 - Shutdown initiated...
[36m2024-11-10 19:04:06[0;39m [32m[main][0;39m [34mINFO [0;39m [1;35mc.z.h.HikariDataSource[0;39m - (HikariPool-1 - Shutdown completed.
[36m2024-11-10 19:04:06[0;39m [32m[main][0;39m [34mINFO [0;39m [1;35mo.a.c.c.StandardService[0;39m - (Stopping service [Tomcat]
[36m2024-11-10 19:08:50[0;39m [32m[main][0;39m [34mINFO [0;39m [1;35mc.g.GanmaApplication[0;39m - (Starting GanmaApplication using Java 17.0.12 with PID 17368 (C:\Users\User\Desktop\ganma\target\classes started by User in C:\Users\User\Desktop\ganma)
[36m2024-11-10 19:08:50[0;39m [32m[main][0;39m [34mINFO [0;39m [1;35mc.g.GanmaApplication[0;39m - (No active profile set, falling back to 1 default profile: "default"
[36m2024-11-10 19:08:55[0;39m [32m[main][0;39m [34mINFO [0;39m [1;35mo.a.c.h.Http11NioProtocol[0;39m - (Initializing ProtocolHandler ["http-nio-8082"]
[36m2024-11-10 19:08:55[0;39m [32m[main][0;39m [34mINFO [0;39m [1;35mo.a.c.c.StandardService[0;39m - (Starting service [Tomcat]
[36m2024-11-10 19:08:55[0;39m [32m[main][0;39m [34mINFO [0;39m [1;35mo.a.c.c.StandardEngine[0;39m - (Starting Servlet engine: [Apache Tomcat/10.1.19]
[36m2024-11-10 19:08:55[0;39m [32m[main][0;39m [34mINFO [0;39m [1;35mo.a.c.c.C.[.[.[/][0;39m - (Initializing Spring embedded WebApplicationContext
[36m2024-11-10 19:08:57[0;39m [32m[main][0;39m [34mINFO [0;39m [1;35mc.z.h.HikariDataSource[0;39m - (HikariPool-1 - Starting...
[36m2024-11-10 19:08:57[0;39m [32m[main][0;39m [34mINFO [0;39m [1;35mc.z.h.p.HikariPool[0;39m - (HikariPool-1 - Added connection com.mysql.cj.jdbc.ConnectionImpl@45796b2a
[36m2024-11-10 19:08:57[0;39m [32m[main][0;39m [34mINFO [0;39m [1;35mc.z.h.HikariDataSource[0;39m - (HikariPool-1 - Start completed.
[36m2024-11-10 19:08:57[0;39m [32m[main][0;39m [34mINFO [0;39m [1;35mc.z.h.HikariDataSource[0;39m - (HikariPool-1 - Shutdown initiated...
[36m2024-11-10 19:08:57[0;39m [32m[main][0;39m [34mINFO [0;39m [1;35mc.z.h.HikariDataSource[0;39m - (HikariPool-1 - Shutdown completed.
[36m2024-11-10 19:08:57[0;39m [32m[main][0;39m [34mINFO [0;39m [1;35mo.a.c.c.StandardService[0;39m - (Stopping service [Tomcat]
[36m2024-11-10 21:01:08[0;39m [32m[main][0;39m [34mINFO [0;39m [1;35mc.g.GanmaApplication[0;39m - (Starting GanmaApplication using Java 17.0.12 with PID 15060 (C:\Users\User\Desktop\ganma\target\classes started by User in C:\Users\User\Desktop\ganma)
[36m2024-11-10 21:01:08[0;39m [32m[main][0;39m [34mINFO [0;39m [1;35mc.g.GanmaApplication[0;39m - (No active profile set, falling back to 1 default profile: "default"
[36m2024-11-10 21:01:14[0;39m [32m[main][0;39m [34mINFO [0;39m [1;35mo.a.c.h.Http11NioProtocol[0;39m - (Initializing ProtocolHandler ["http-nio-8081"]
[36m2024-11-10 21:01:14[0;39m [32m[main][0;39m [34mINFO [0;39m [1;35mo.a.c.c.StandardService[0;39m - (Starting service [Tomcat]
[36m2024-11-10 21:01:14[0;39m [32m[main][0;39m [34mINFO [0;39m [1;35mo.a.c.c.StandardEngine[0;39m - (Starting Servlet engine: [Apache Tomcat/10.1.19]
[36m2024-11-10 21:01:14[0;39m [32m[main][0;39m [34mINFO [0;39m [1;35mo.a.c.c.C.[.[.[/][0;39m - (Initializing Spring embedded WebApplicationContext
[36m2024-11-10 21:01:15[0;39m [32m[main][0;39m [34mINFO [0;39m [1;35mc.z.h.HikariDataSource[0;39m - (HikariPool-1 - Starting...
[36m2024-11-10 21:01:16[0;39m [32m[main][0;39m [34mINFO [0;39m [1;35mc.z.h.p.HikariPool[0;39m - (HikariPool-1 - Added connection com.mysql.cj.jdbc.ConnectionImpl@ce655b9
[36m2024-11-10 21:01:16[0;39m [32m[main][0;39m [34mINFO [0;39m [1;35mc.z.h.HikariDataSource[0;39m - (HikariPool-1 - Start completed.
[36m2024-11-10 21:01:16[0;39m [32m[main][0;39m [34mINFO [0;39m [1;35mc.z.h.HikariDataSource[0;39m - (HikariPool-1 - Shutdown initiated...
[36m2024-11-10 21:01:16[0;39m [32m[main][0;39m [34mINFO [0;39m [1;35mc.z.h.HikariDataSource[0;39m - (HikariPool-1 - Shutdown completed.
[36m2024-11-10 21:01:16[0;39m [32m[main][0;39m [34mINFO [0;39m [1;35mo.a.c.c.StandardService[0;39m - (Stopping service [Tomcat]
[36m2024-11-10 21:02:02[0;39m [32m[main][0;39m [34mINFO [0;39m [1;35mc.g.GanmaApplication[0;39m - (Starting GanmaApplication using Java 17.0.12 with PID 16344 (C:\Users\User\Desktop\ganma\target\classes started by User in C:\Users\User\Desktop\ganma)
[36m2024-11-10 21:02:02[0;39m [32m[main][0;39m [34mINFO [0;39m [1;35mc.g.GanmaApplication[0;39m - (No active profile set, falling back to 1 default profile: "default"
[36m2024-11-10 21:02:07[0;39m [32m[main][0;39m [34mINFO [0;39m [1;35mo.a.c.h.Http11NioProtocol[0;39m - (Initializing ProtocolHandler ["http-nio-8081"]
[36m2024-11-10 21:02:07[0;39m [32m[main][0;39m [34mINFO [0;39m [1;35mo.a.c.c.StandardService[0;39m - (Starting service [Tomcat]
[36m2024-11-10 21:02:07[0;39m [32m[main][0;39m [34mINFO [0;39m [1;35mo.a.c.c.StandardEngine[0;39m - (Starting Servlet engine: [Apache Tomcat/10.1.19]
[36m2024-11-10 21:02:07[0;39m [32m[main][0;39m [34mINFO [0;39m [1;35mo.a.c.c.C.[.[.[/][0;39m - (Initializing Spring embedded WebApplicationContext
[36m2024-11-10 21:02:09[0;39m [32m[main][0;39m [34mINFO [0;39m [1;35mc.z.h.HikariDataSource[0;39m - (HikariPool-1 - Starting...
[36m2024-11-10 21:02:09[0;39m [32m[main][0;39m [34mINFO [0;39m [1;35mc.z.h.p.HikariPool[0;39m - (HikariPool-1 - Added connection com.mysql.cj.jdbc.ConnectionImpl@37cfda1c
[36m2024-11-10 21:02:09[0;39m [32m[main][0;39m [34mINFO [0;39m [1;35mc.z.h.HikariDataSource[0;39m - (HikariPool-1 - Start completed.
[36m2024-11-10 21:02:09[0;39m [32m[main][0;39m [34mINFO [0;39m [1;35mc.z.h.HikariDataSource[0;39m - (HikariPool-1 - Shutdown initiated...
[36m2024-11-10 21:02:09[0;39m [32m[main][0;39m [34mINFO [0;39m [1;35mc.z.h.HikariDataSource[0;39m - (HikariPool-1 - Shutdown completed.
[36m2024-11-10 21:02:09[0;39m [32m[main][0;39m [34mINFO [0;39m [1;35mo.a.c.c.StandardService[0;39m - (Stopping service [Tomcat]
[36m2024-11-10 21:07:03[0;39m [32m[main][0;39m [34mINFO [0;39m [1;35mc.g.GanmaApplication[0;39m - (Starting GanmaApplication using Java 17.0.12 with PID 21240 (C:\Users\User\Desktop\ganma\target\classes started by User in C:\Users\User\Desktop\ganma)
[36m2024-11-10 21:07:03[0;39m [32m[main][0;39m [34mINFO [0;39m [1;35mc.g.GanmaApplication[0;39m - (No active profile set, falling back to 1 default profile: "default"
[36m2024-11-10 21:07:08[0;39m [32m[main][0;39m [34mINFO [0;39m [1;35mo.a.c.h.Http11NioProtocol[0;39m - (Initializing ProtocolHandler ["http-nio-8081"]
[36m2024-11-10 21:07:08[0;39m [32m[main][0;39m [34mINFO [0;39m [1;35mo.a.c.c.StandardService[0;39m - (Starting service [Tomcat]
[36m2024-11-10 21:07:08[0;39m [32m[main][0;39m [34mINFO [0;39m [1;35mo.a.c.c.StandardEngine[0;39m - (Starting Servlet engine: [Apache Tomcat/10.1.19]
[36m2024-11-10 21:07:08[0;39m [32m[main][0;39m [34mINFO [0;39m [1;35mo.a.c.c.C.[.[.[/][0;39m - (Initializing Spring embedded WebApplicationContext
[36m2024-11-10 21:07:09[0;39m [32m[main][0;39m [34mINFO [0;39m [1;35mc.z.h.HikariDataSource[0;39m - (HikariPool-1 - Starting...
[36m2024-11-10 21:07:10[0;39m [32m[main][0;39m [34mINFO [0;39m [1;35mc.z.h.p.HikariPool[0;39m - (HikariPool-1 - Added connection com.mysql.cj.jdbc.ConnectionImpl@5f45bc8e
[36m2024-11-10 21:07:10[0;39m [32m[main][0;39m [34mINFO [0;39m [1;35mc.z.h.HikariDataSource[0;39m - (HikariPool-1 - Start completed.
[36m2024-11-10 21:07:10[0;39m [32m[main][0;39m [34mINFO [0;39m [1;35mc.z.h.HikariDataSource[0;39m - (HikariPool-1 - Shutdown initiated...
[36m2024-11-10 21:07:10[0;39m [32m[main][0;39m [34mINFO [0;39m [1;35mc.z.h.HikariDataSource[0;39m - (HikariPool-1 - Shutdown completed.
[36m2024-11-10 21:07:10[0;39m [32m[main][0;39m [34mINFO [0;39m [1;35mo.a.c.c.StandardService[0;39m - (Stopping service [Tomcat]
[36m2024-11-10 21:11:19[0;39m [32m[main][0;39m [34mINFO [0;39m [1;35mc.g.GanmaApplication[0;39m - (Starting GanmaApplication using Java 17.0.12 with PID 16256 (C:\Users\User\Desktop\ganma\target\classes started by User in C:\Users\User\Desktop\ganma)
[36m2024-11-10 21:11:19[0;39m [32m[main][0;39m [34mINFO [0;39m [1;35mc.g.GanmaApplication[0;39m - (No active profile set, falling back to 1 default profile: "default"
[36m2024-11-10 21:11:25[0;39m [32m[main][0;39m [34mINFO [0;39m [1;35mo.a.c.h.Http11NioProtocol[0;39m - (Initializing ProtocolHandler ["http-nio-8081"]
[36m2024-11-10 21:11:25[0;39m [32m[main][0;39m [34mINFO [0;39m [1;35mo.a.c.c.StandardService[0;39m - (Starting service [Tomcat]
[36m2024-11-10 21:11:25[0;39m [32m[main][0;39m [34mINFO [0;39m [1;35mo.a.c.c.StandardEngine[0;39m - (Starting Servlet engine: [Apache Tomcat/10.1.19]
[36m2024-11-10 21:11:25[0;39m [32m[main][0;39m [34mINFO [0;39m [1;35mo.a.c.c.C.[.[.[/][0;39m - (Initializing Spring embedded WebApplicationContext
[36m2024-11-10 21:11:27[0;39m [32m[main][0;39m [34mINFO [0;39m [1;35mc.z.h.HikariDataSource[0;39m - (HikariPool-1 - Starting...
[36m2024-11-10 21:11:28[0;39m [32m[main][0;39m [34mINFO [0;39m [1;35mc.z.h.p.HikariPool[0;39m - (HikariPool-1 - Added connection com.mysql.cj.jdbc.ConnectionImpl@5ab5924c
[36m2024-11-10 21:11:28[0;39m [32m[main][0;39m [34mINFO [0;39m [1;35mc.z.h.HikariDataSource[0;39m - (HikariPool-1 - Start completed.
[36m2024-11-10 21:11:28[0;39m [32m[main][0;39m [34mINFO [0;39m [1;35mc.z.h.HikariDataSource[0;39m - (HikariPool-1 - Shutdown initiated...
[36m2024-11-10 21:11:28[0;39m [32m[main][0;39m [34mINFO [0;39m [1;35mc.z.h.HikariDataSource[0;39m - (HikariPool-1 - Shutdown completed.
[36m2024-11-10 21:11:28[0;39m [32m[main][0;39m [34mINFO [0;39m [1;35mo.a.c.c.StandardService[0;39m - (Stopping service [Tomcat]
[36m2024-11-10 21:13:03[0;39m [32m[main][0;39m [34mINFO [0;39m [1;35mc.g.GanmaApplication[0;39m - (Starting GanmaApplication using Java 17.0.12 with PID 18120 (C:\Users\User\Desktop\ganma\target\classes started by User in C:\Users\User\Desktop\ganma)
[36m2024-11-10 21:13:03[0;39m [32m[main][0;39m [34mINFO [0;39m [1;35mc.g.GanmaApplication[0;39m - (No active profile set, falling back to 1 default profile: "default"
[36m2024-11-10 21:13:08[0;39m [32m[main][0;39m [34mINFO [0;39m [1;35mo.a.c.h.Http11NioProtocol[0;39m - (Initializing ProtocolHandler ["http-nio-8081"]
[36m2024-11-10 21:13:08[0;39m [32m[main][0;39m [34mINFO [0;39m [1;35mo.a.c.c.StandardService[0;39m - (Starting service [Tomcat]
[36m2024-11-10 21:13:08[0;39m [32m[main][0;39m [34mINFO [0;39m [1;35mo.a.c.c.StandardEngine[0;39m - (Starting Servlet engine: [Apache Tomcat/10.1.19]
[36m2024-11-10 21:13:08[0;39m [32m[main][0;39m [34mINFO [0;39m [1;35mo.a.c.c.C.[.[.[/][0;39m - (Initializing Spring embedded WebApplicationContext
[36m2024-11-10 21:13:10[0;39m [32m[main][0;39m [34mINFO [0;39m [1;35mc.z.h.HikariDataSource[0;39m - (HikariPool-1 - Starting...
[36m2024-11-10 21:13:10[0;39m [32m[main][0;39m [34mINFO [0;39m [1;35mc.z.h.p.HikariPool[0;39m - (HikariPool-1 - Added connection com.mysql.cj.jdbc.ConnectionImpl@7ab33ca8
[36m2024-11-10 21:13:10[0;39m [32m[main][0;39m [34mINFO [0;39m [1;35mc.z.h.HikariDataSource[0;39m - (HikariPool-1 - Start completed.
[36m2024-11-10 21:13:11[0;39m [32m[main][0;39m [34mINFO [0;39m [1;35mc.z.h.HikariDataSource[0;39m - (HikariPool-1 - Shutdown initiated...
[36m2024-11-10 21:13:11[0;39m [32m[main][0;39m [34mINFO [0;39m [1;35mc.z.h.HikariDataSource[0;39m - (HikariPool-1 - Shutdown completed.
[36m2024-11-10 21:13:11[0;39m [32m[main][0;39m [34mINFO [0;39m [1;35mo.a.c.c.StandardService[0;39m - (Stopping service [Tomcat]
[36m2024-11-10 21:13:58[0;39m [32m[main][0;39m [34mINFO [0;39m [1;35mc.g.GanmaApplication[0;39m - (Starting GanmaApplication using Java 17.0.12 with PID 19620 (C:\Users\User\Desktop\ganma\target\classes started by User in C:\Users\User\Desktop\ganma)
[36m2024-11-10 21:13:58[0;39m [32m[main][0;39m [34mINFO [0;39m [1;35mc.g.GanmaApplication[0;39m - (No active profile set, falling back to 1 default profile: "default"
[36m2024-11-10 21:14:03[0;39m [32m[main][0;39m [34mINFO [0;39m [1;35mo.a.c.h.Http11NioProtocol[0;39m - (Initializing ProtocolHandler ["http-nio-8081"]
[36m2024-11-10 21:14:03[0;39m [32m[main][0;39m [34mINFO [0;39m [1;35mo.a.c.c.StandardService[0;39m - (Starting service [Tomcat]
[36m2024-11-10 21:14:03[0;39m [32m[main][0;39m [34mINFO [0;39m [1;35mo.a.c.c.StandardEngine[0;39m - (Starting Servlet engine: [Apache Tomcat/10.1.19]
[36m2024-11-10 21:14:03[0;39m [32m[main][0;39m [34mINFO [0;39m [1;35mo.a.c.c.C.[.[.[/][0;39m - (Initializing Spring embedded WebApplicationContext
[36m2024-11-10 21:14:07[0;39m [32m[main][0;39m [34mINFO [0;39m [1;35mo.a.c.h.Http11NioProtocol[0;39m - (Starting ProtocolHandler ["http-nio-8081"]
[36m2024-11-10 21:14:07[0;39m [32m[main][0;39m [34mINFO [0;39m [1;35mc.g.GanmaApplication[0;39m - (Started GanmaApplication in 10.049 seconds (process running for 11.445)
[36m2024-11-10 21:15:39[0;39m [32m[main][0;39m [34mINFO [0;39m [1;35mc.g.GanmaApplication[0;39m - (Starting GanmaApplication using Java 17.0.12 with PID 1672 (C:\Users\User\Desktop\ganma\target\classes started by User in C:\Users\User\Desktop\ganma)
[36m2024-11-10 21:15:39[0;39m [32m[main][0;39m [34mINFO [0;39m [1;35mc.g.GanmaApplication[0;39m - (No active profile set, falling back to 1 default profile: "default"
[36m2024-11-10 21:15:43[0;39m [32m[main][0;39m [34mINFO [0;39m [1;35mo.a.c.h.Http11NioProtocol[0;39m - (Initializing ProtocolHandler ["http-nio-8081"]
[36m2024-11-10 21:15:43[0;39m [32m[main][0;39m [34mINFO [0;39m [1;35mo.a.c.c.StandardService[0;39m - (Starting service [Tomcat]
[36m2024-11-10 21:15:43[0;39m [32m[main][0;39m [34mINFO [0;39m [1;35mo.a.c.c.StandardEngine[0;39m - (Starting Servlet engine: [Apache Tomcat/10.1.19]
[36m2024-11-10 21:15:43[0;39m [32m[main][0;39m [34mINFO [0;39m [1;35mo.a.c.c.C.[.[.[/][0;39m - (Initializing Spring embedded WebApplicationContext
[36m2024-11-10 21:15:48[0;39m [32m[main][0;39m [34mINFO [0;39m [1;35mo.a.c.h.Http11NioProtocol[0;39m - (Starting ProtocolHandler ["http-nio-8081"]
[36m2024-11-10 21:15:48[0;39m [32m[main][0;39m [34mINFO [0;39m [1;35mc.g.GanmaApplication[0;39m - (Started GanmaApplication in 10.561 seconds (process running for 11.981)
[36m2024-11-10 21:15:50[0;39m [32m[http-nio-8081-exec-1][0;39m [34mINFO [0;39m [1;35mo.a.c.c.C.[.[.[/][0;39m - (Initializing Spring DispatcherServlet 'dispatcherServlet'
[36m2024-11-10 21:37:48[0;39m [32m[main][0;39m [34mINFO [0;39m [1;35mc.g.GanmaApplication[0;39m - (Starting GanmaApplication using Java 17.0.12 with PID 15928 (C:\Users\User\Desktop\ganma\target\classes started by User in C:\Users\User\Desktop\ganma)
[36m2024-11-10 21:37:48[0;39m [32m[main][0;39m [34mINFO [0;39m [1;35mc.g.GanmaApplication[0;39m - (No active profile set, falling back to 1 default profile: "default"
[36m2024-11-10 21:37:52[0;39m [32m[main][0;39m [34mINFO [0;39m [1;35mo.a.c.h.Http11NioProtocol[0;39m - (Initializing ProtocolHandler ["http-nio-8081"]
[36m2024-11-10 21:37:52[0;39m [32m[main][0;39m [34mINFO [0;39m [1;35mo.a.c.c.StandardService[0;39m - (Starting service [Tomcat]
[36m2024-11-10 21:37:52[0;39m [32m[main][0;39m [34mINFO [0;39m [1;35mo.a.c.c.StandardEngine[0;39m - (Starting Servlet engine: [Apache Tomcat/10.1.19]
[36m2024-11-10 21:37:52[0;39m [32m[main][0;39m [34mINFO [0;39m [1;35mo.a.c.c.C.[.[.[/][0;39m - (Initializing Spring embedded WebApplicationContext
[36m2024-11-10 21:37:54[0;39m [32m[main][0;39m [34mINFO [0;39m [1;35mc.z.h.HikariDataSource[0;39m - (HikariPool-1 - Starting...
[36m2024-11-10 21:37:54[0;39m [32m[main][0;39m [34mINFO [0;39m [1;35mc.z.h.p.HikariPool[0;39m - (HikariPool-1 - Added connection com.mysql.cj.jdbc.ConnectionImpl@4ad896f7
[36m2024-11-10 21:37:54[0;39m [32m[main][0;39m [34mINFO [0;39m [1;35mc.z.h.HikariDataSource[0;39m - (HikariPool-1 - Start completed.
[36m2024-11-10 21:37:57[0;39m [32m[main][0;39m [34mINFO [0;39m [1;35mo.a.c.h.Http11NioProtocol[0;39m - (Starting ProtocolHandler ["http-nio-8081"]
[36m2024-11-10 21:37:57[0;39m [32m[main][0;39m [34mINFO [0;39m [1;35mc.g.GanmaApplication[0;39m - (Started GanmaApplication in 10.554 seconds (process running for 12.045)
[36m2024-11-10 21:38:51[0;39m [32m[SpringApplicationShutdownHook][0;39m [34mINFO [0;39m [1;35mc.z.h.HikariDataSource[0;39m - (HikariPool-1 - Shutdown initiated...
[36m2024-11-10 21:38:51[0;39m [32m[SpringApplicationShutdownHook][0;39m [34mINFO [0;39m [1;35mc.z.h.HikariDataSource[0;39m - (HikariPool-1 - Shutdown completed.
[36m2024-11-10 21:41:50[0;39m [32m[main][0;39m [34mINFO [0;39m [1;35mc.g.GanmaApplication[0;39m - (Starting GanmaApplication using Java 17.0.12 with PID 18424 (C:\Users\User\Desktop\ganma\target\classes started by User in C:\Users\User\Desktop\ganma)
[36m2024-11-10 21:41:50[0;39m [32m[main][0;39m [34mINFO [0;39m [1;35mc.g.GanmaApplication[0;39m - (No active profile set, falling back to 1 default profile: "default"
[36m2024-11-10 21:41:55[0;39m [32m[main][0;39m [34mINFO [0;39m [1;35mo.a.c.h.Http11NioProtocol[0;39m - (Initializing ProtocolHandler ["http-nio-8081"]
[36m2024-11-10 21:41:55[0;39m [32m[main][0;39m [34mINFO [0;39m [1;35mo.a.c.c.StandardService[0;39m - (Starting service [Tomcat]
[36m2024-11-10 21:41:55[0;39m [32m[main][0;39m [34mINFO [0;39m [1;35mo.a.c.c.StandardEngine[0;39m - (Starting Servlet engine: [Apache Tomcat/10.1.19]
[36m2024-11-10 21:41:56[0;39m [32m[main][0;39m [34mINFO [0;39m [1;35mo.a.c.c.C.[.[.[/][0;39m - (Initializing Spring embedded WebApplicationContext
[36m2024-11-10 21:41:57[0;39m [32m[main][0;39m [34mINFO [0;39m [1;35mc.z.h.HikariDataSource[0;39m - (HikariPool-1 - Starting...
[36m2024-11-10 21:41:58[0;39m [32m[main][0;39m [34mINFO [0;39m [1;35mc.z.h.p.HikariPool[0;39m - (HikariPool-1 - Added connection com.mysql.cj.jdbc.ConnectionImpl@5fd18419
[36m2024-11-10 21:41:58[0;39m [32m[main][0;39m [34mINFO [0;39m [1;35mc.z.h.HikariDataSource[0;39m - (HikariPool-1 - Start completed.
[36m2024-11-10 21:42:03[0;39m [32m[main][0;39m [34mINFO [0;39m [1;35mo.a.c.h.Http11NioProtocol[0;39m - (Starting ProtocolHandler ["http-nio-8081"]
[36m2024-11-10 21:42:03[0;39m [32m[main][0;39m [34mINFO [0;39m [1;35mc.g.GanmaApplication[0;39m - (Started GanmaApplication in 14.545 seconds (process running for 16.116)
[36m2024-11-10 21:44:29[0;39m [32m[http-nio-8081-exec-1][0;39m [34mINFO [0;39m [1;35mo.a.c.c.C.[.[.[/][0;39m - (Initializing Spring DispatcherServlet 'dispatcherServlet'
[36m2024-11-10 22:00:47[0;39m [32m[SpringApplicationShutdownHook][0;39m [34mINFO [0;39m [1;35mc.z.h.HikariDataSource[0;39m - (HikariPool-1 - Shutdown initiated...
[36m2024-11-10 22:00:47[0;39m [32m[SpringApplicationShutdownHook][0;39m [34mINFO [0;39m [1;35mc.z.h.HikariDataSource[0;39m - (HikariPool-1 - Shutdown completed.
[36m2024-11-10 22:00:53[0;39m [32m[main][0;39m [34mINFO [0;39m [1;35mc.g.GanmaApplication[0;39m - (Starting GanmaApplication using Java 17.0.12 with PID 20400 (C:\Users\User\Desktop\ganma\target\classes started by User in C:\Users\User\Desktop\ganma)
[36m2024-11-10 22:00:53[0;39m [32m[main][0;39m [34mINFO [0;39m [1;35mc.g.GanmaApplication[0;39m - (No active profile set, falling back to 1 default profile: "default"
[36m2024-11-10 22:00:57[0;39m [32m[main][0;39m [34mINFO [0;39m [1;35mo.a.c.h.Http11NioProtocol[0;39m - (Initializing ProtocolHandler ["http-nio-8081"]
[36m2024-11-10 22:00:57[0;39m [32m[main][0;39m [34mINFO [0;39m [1;35mo.a.c.c.StandardService[0;39m - (Starting service [Tomcat]
[36m2024-11-10 22:00:57[0;39m [32m[main][0;39m [34mINFO [0;39m [1;35mo.a.c.c.StandardEngine[0;39m - (Starting Servlet engine: [Apache Tomcat/10.1.19]
[36m2024-11-10 22:00:57[0;39m [32m[main][0;39m [34mINFO [0;39m [1;35mo.a.c.c.C.[.[.[/][0;39m - (Initializing Spring embedded WebApplicationContext
[36m2024-11-10 22:00:58[0;39m [32m[main][0;39m [34mINFO [0;39m [1;35mc.z.h.HikariDataSource[0;39m - (HikariPool-1 - Starting...
[36m2024-11-10 22:00:59[0;39m [32m[main][0;39m [34mINFO [0;39m [1;35mc.z.h.p.HikariPool[0;39m - (HikariPool-1 - Added connection com.mysql.cj.jdbc.ConnectionImpl@37cfda1c
[36m2024-11-10 22:00:59[0;39m [32m[main][0;39m [34mINFO [0;39m [1;35mc.z.h.HikariDataSource[0;39m - (HikariPool-1 - Start completed.
[36m2024-11-10 22:01:03[0;39m [32m[main][0;39m [34mINFO [0;39m [1;35mo.a.c.h.Http11NioProtocol[0;39m - (Starting ProtocolHandler ["http-nio-8081"]
[36m2024-11-10 22:01:03[0;39m [32m[main][0;39m [34mINFO [0;39m [1;35mc.g.GanmaApplication[0;39m - (Started GanmaApplication in 11.72 seconds (process running for 13.222)
[36m2024-11-10 22:01:03[0;39m [32m[http-nio-8081-exec-1][0;39m [34mINFO [0;39m [1;35mo.a.c.c.C.[.[.[/][0;39m - (Initializing Spring DispatcherServlet 'dispatcherServlet'
[36m2024-11-10 22:09:27[0;39m [32m[SpringApplicationShutdownHook][0;39m [34mINFO [0;39m [1;35mc.z.h.HikariDataSource[0;39m - (HikariPool-1 - Shutdown initiated...
[36m2024-11-10 22:09:27[0;39m [32m[SpringApplicationShutdownHook][0;39m [34mINFO [0;39m [1;35mc.z.h.HikariDataSource[0;39m - (HikariPool-1 - Shutdown completed.
