[36m2024-11-16 00:00:00[0;39m [32m[http-nio-8081-exec-1][0;39m [34mINFO [0;39m [1;35mo.a.c.c.C.[.[.[/][0;39m - (Initializing Spring DispatcherServlet 'dispatcherServlet'
[36m2024-11-16 00:44:24[0;39m [32m[SpringApplicationShutdownHook][0;39m [34mINFO [0;39m [1;35mc.z.h.HikariDataSource[0;39m - (HikariPool-1 - Shutdown initiated...
[36m2024-11-16 00:44:24[0;39m [32m[SpringApplicationShutdownHook][0;39m [34mINFO [0;39m [1;35mc.z.h.HikariDataSource[0;39m - (HikariPool-1 - Shutdown completed.
[36m2024-11-16 11:15:04[0;39m [32m[main][0;39m [34mINFO [0;39m [1;35mc.g.GanmaApplication[0;39m - (Starting GanmaApplication using Java 17.0.12 with PID 4188 (C:\Users\User\Desktop\ganma\target\classes started by User in C:\Users\User\Desktop\ganma)
[36m2024-11-16 11:15:04[0;39m [32m[main][0;39m [34mINFO [0;39m [1;35mc.g.GanmaApplication[0;39m - (No active profile set, falling back to 1 default profile: "default"
[36m2024-11-16 11:15:08[0;39m [32m[main][0;39m [34mINFO [0;39m [1;35mo.a.c.h.Http11NioProtocol[0;39m - (Initializing ProtocolHandler ["http-nio-8081"]
[36m2024-11-16 11:15:08[0;39m [32m[main][0;39m [34mINFO [0;39m [1;35mo.a.c.c.StandardService[0;39m - (Starting service [Tomcat]
[36m2024-11-16 11:15:08[0;39m [32m[main][0;39m [34mINFO [0;39m [1;35mo.a.c.c.StandardEngine[0;39m - (Starting Servlet engine: [Apache Tomcat/10.1.19]
[36m2024-11-16 11:15:08[0;39m [32m[main][0;39m [34mINFO [0;39m [1;35mo.a.c.c.C.[.[.[/][0;39m - (Initializing Spring embedded WebApplicationContext
[36m2024-11-16 11:15:09[0;39m [32m[main][0;39m [34mINFO [0;39m [1;35mc.z.h.HikariDataSource[0;39m - (HikariPool-1 - Starting...
[36m2024-11-16 11:15:09[0;39m [32m[main][0;39m [34mINFO [0;39m [1;35mc.z.h.p.HikariPool[0;39m - (HikariPool-1 - Added connection com.mysql.cj.jdbc.ConnectionImpl@21e484b
[36m2024-11-16 11:15:09[0;39m [32m[main][0;39m [34mINFO [0;39m [1;35mc.z.h.HikariDataSource[0;39m - (HikariPool-1 - Start completed.
[36m2024-11-16 11:15:12[0;39m [32m[main][0;39m [34mINFO [0;39m [1;35mo.a.c.h.Http11NioProtocol[0;39m - (Starting ProtocolHandler ["http-nio-8081"]
[36m2024-11-16 11:15:12[0;39m [32m[main][0;39m [34mINFO [0;39m [1;35mc.g.GanmaApplication[0;39m - (Started GanmaApplication in 9.632 seconds (process running for 11.836)
[36m2024-11-16 11:15:21[0;39m [32m[http-nio-8081-exec-1][0;39m [34mINFO [0;39m [1;35mo.a.c.c.C.[.[.[/][0;39m - (Initializing Spring DispatcherServlet 'dispatcherServlet'
[36m2024-11-16 11:19:29[0;39m [32m[SpringApplicationShutdownHook][0;39m [34mINFO [0;39m [1;35mc.z.h.HikariDataSource[0;39m - (HikariPool-1 - Shutdown initiated...
[36m2024-11-16 11:19:29[0;39m [32m[SpringApplicationShutdownHook][0;39m [34mINFO [0;39m [1;35mc.z.h.HikariDataSource[0;39m - (HikariPool-1 - Shutdown completed.
[36m2024-11-16 11:19:34[0;39m [32m[main][0;39m [34mINFO [0;39m [1;35mc.g.GanmaApplication[0;39m - (Starting GanmaApplication using Java 17.0.12 with PID 9988 (C:\Users\User\Desktop\ganma\target\classes started by User in C:\Users\User\Desktop\ganma)
[36m2024-11-16 11:19:34[0;39m [32m[main][0;39m [34mINFO [0;39m [1;35mc.g.GanmaApplication[0;39m - (No active profile set, falling back to 1 default profile: "default"
[36m2024-11-16 11:19:40[0;39m [32m[main][0;39m [34mINFO [0;39m [1;35mo.a.c.h.Http11NioProtocol[0;39m - (Initializing ProtocolHandler ["http-nio-8081"]
[36m2024-11-16 11:19:40[0;39m [32m[main][0;39m [34mINFO [0;39m [1;35mo.a.c.c.StandardService[0;39m - (Starting service [Tomcat]
[36m2024-11-16 11:19:40[0;39m [32m[main][0;39m [34mINFO [0;39m [1;35mo.a.c.c.StandardEngine[0;39m - (Starting Servlet engine: [Apache Tomcat/10.1.19]
[36m2024-11-16 11:19:40[0;39m [32m[main][0;39m [34mINFO [0;39m [1;35mo.a.c.c.C.[.[.[/][0;39m - (Initializing Spring embedded WebApplicationContext
[36m2024-11-16 11:19:41[0;39m [32m[main][0;39m [34mINFO [0;39m [1;35mc.z.h.HikariDataSource[0;39m - (HikariPool-1 - Starting...
[36m2024-11-16 11:19:42[0;39m [32m[main][0;39m [34mINFO [0;39m [1;35mc.z.h.p.HikariPool[0;39m - (HikariPool-1 - Added connection com.mysql.cj.jdbc.ConnectionImpl@5c76fce4
[36m2024-11-16 11:19:42[0;39m [32m[main][0;39m [34mINFO [0;39m [1;35mc.z.h.HikariDataSource[0;39m - (HikariPool-1 - Start completed.
[36m2024-11-16 11:19:45[0;39m [32m[main][0;39m [34mINFO [0;39m [1;35mo.a.c.h.Http11NioProtocol[0;39m - (Starting ProtocolHandler ["http-nio-8081"]
[36m2024-11-16 11:19:45[0;39m [32m[main][0;39m [34mINFO [0;39m [1;35mc.g.GanmaApplication[0;39m - (Started GanmaApplication in 11.903 seconds (process running for 13.291)
[36m2024-11-16 11:20:01[0;39m [32m[http-nio-8081-exec-1][0;39m [34mINFO [0;39m [1;35mo.a.c.c.C.[.[.[/][0;39m - (Initializing Spring DispatcherServlet 'dispatcherServlet'
[36m2024-11-16 13:10:39[0;39m [32m[SpringApplicationShutdownHook][0;39m [34mINFO [0;39m [1;35mc.z.h.HikariDataSource[0;39m - (HikariPool-1 - Shutdown initiated...
[36m2024-11-16 13:10:39[0;39m [32m[SpringApplicationShutdownHook][0;39m [34mINFO [0;39m [1;35mc.z.h.HikariDataSource[0;39m - (HikariPool-1 - Shutdown completed.
[36m2024-11-16 13:10:52[0;39m [32m[main][0;39m [34mINFO [0;39m [1;35mc.g.GanmaApplication[0;39m - (Starting GanmaApplication using Java 17.0.12 with PID 7440 (C:\Users\User\Desktop\ganma\target\classes started by User in C:\Users\User\Desktop\ganma)
[36m2024-11-16 13:10:52[0;39m [32m[main][0;39m [34mINFO [0;39m [1;35mc.g.GanmaApplication[0;39m - (No active profile set, falling back to 1 default profile: "default"
[36m2024-11-16 13:10:56[0;39m [32m[main][0;39m [34mINFO [0;39m [1;35mo.a.c.h.Http11NioProtocol[0;39m - (Initializing ProtocolHandler ["http-nio-8081"]
[36m2024-11-16 13:10:56[0;39m [32m[main][0;39m [34mINFO [0;39m [1;35mo.a.c.c.StandardService[0;39m - (Starting service [Tomcat]
[36m2024-11-16 13:10:56[0;39m [32m[main][0;39m [34mINFO [0;39m [1;35mo.a.c.c.StandardEngine[0;39m - (Starting Servlet engine: [Apache Tomcat/10.1.19]
[36m2024-11-16 13:10:57[0;39m [32m[main][0;39m [34mINFO [0;39m [1;35mo.a.c.c.C.[.[.[/][0;39m - (Initializing Spring embedded WebApplicationContext
[36m2024-11-16 13:10:58[0;39m [32m[main][0;39m [34mINFO [0;39m [1;35mc.z.h.HikariDataSource[0;39m - (HikariPool-1 - Starting...
[36m2024-11-16 13:10:58[0;39m [32m[main][0;39m [34mINFO [0;39m [1;35mc.z.h.p.HikariPool[0;39m - (HikariPool-1 - Added connection com.mysql.cj.jdbc.ConnectionImpl@2a7bc16b
[36m2024-11-16 13:10:59[0;39m [32m[main][0;39m [34mINFO [0;39m [1;35mc.z.h.HikariDataSource[0;39m - (HikariPool-1 - Start completed.
[36m2024-11-16 13:11:02[0;39m [32m[main][0;39m [34mINFO [0;39m [1;35mo.a.c.h.Http11NioProtocol[0;39m - (Starting ProtocolHandler ["http-nio-8081"]
[36m2024-11-16 13:11:02[0;39m [32m[main][0;39m [34mINFO [0;39m [1;35mc.g.GanmaApplication[0;39m - (Started GanmaApplication in 11.333 seconds (process running for 18.461)
[36m2024-11-16 13:11:09[0;39m [32m[http-nio-8081-exec-1][0;39m [34mINFO [0;39m [1;35mo.a.c.c.C.[.[.[/][0;39m - (Initializing Spring DispatcherServlet 'dispatcherServlet'
[36m2024-11-16 14:20:54[0;39m [32m[SpringApplicationShutdownHook][0;39m [34mINFO [0;39m [1;35mc.z.h.HikariDataSource[0;39m - (HikariPool-1 - Shutdown initiated...
[36m2024-11-16 14:20:54[0;39m [32m[SpringApplicationShutdownHook][0;39m [34mINFO [0;39m [1;35mc.z.h.HikariDataSource[0;39m - (HikariPool-1 - Shutdown completed.
[36m2024-11-16 17:09:09[0;39m [32m[main][0;39m [34mINFO [0;39m [1;35mc.g.GanmaApplication[0;39m - (Starting GanmaApplication using Java 17.0.12 with PID 6768 (C:\Users\User\Desktop\ganma\target\classes started by User in C:\Users\User\Desktop\ganma)
[36m2024-11-16 17:09:09[0;39m [32m[main][0;39m [34mINFO [0;39m [1;35mc.g.GanmaApplication[0;39m - (No active profile set, falling back to 1 default profile: "default"
[36m2024-11-16 17:09:13[0;39m [32m[main][0;39m [34mINFO [0;39m [1;35mo.a.c.h.Http11NioProtocol[0;39m - (Initializing ProtocolHandler ["http-nio-8081"]
[36m2024-11-16 17:09:13[0;39m [32m[main][0;39m [34mINFO [0;39m [1;35mo.a.c.c.StandardService[0;39m - (Starting service [Tomcat]
[36m2024-11-16 17:09:13[0;39m [32m[main][0;39m [34mINFO [0;39m [1;35mo.a.c.c.StandardEngine[0;39m - (Starting Servlet engine: [Apache Tomcat/10.1.19]
[36m2024-11-16 17:09:14[0;39m [32m[main][0;39m [34mINFO [0;39m [1;35mo.a.c.c.C.[.[.[/][0;39m - (Initializing Spring embedded WebApplicationContext
[36m2024-11-16 17:09:15[0;39m [32m[main][0;39m [34mINFO [0;39m [1;35mc.z.h.HikariDataSource[0;39m - (HikariPool-1 - Starting...
[36m2024-11-16 17:09:16[0;39m [32m[main][0;39m [34mINFO [0;39m [1;35mo.a.c.c.StandardService[0;39m - (Stopping service [Tomcat]
[36m2024-11-16 17:09:45[0;39m [32m[main][0;39m [34mINFO [0;39m [1;35mc.g.GanmaApplication[0;39m - (Starting GanmaApplication using Java 17.0.12 with PID 14760 (C:\Users\User\Desktop\ganma\target\classes started by User in C:\Users\User\Desktop\ganma)
[36m2024-11-16 17:09:45[0;39m [32m[main][0;39m [34mINFO [0;39m [1;35mc.g.GanmaApplication[0;39m - (No active profile set, falling back to 1 default profile: "default"
[36m2024-11-16 17:09:50[0;39m [32m[main][0;39m [34mINFO [0;39m [1;35mo.a.c.h.Http11NioProtocol[0;39m - (Initializing ProtocolHandler ["http-nio-8081"]
[36m2024-11-16 17:09:50[0;39m [32m[main][0;39m [34mINFO [0;39m [1;35mo.a.c.c.StandardService[0;39m - (Starting service [Tomcat]
[36m2024-11-16 17:09:50[0;39m [32m[main][0;39m [34mINFO [0;39m [1;35mo.a.c.c.StandardEngine[0;39m - (Starting Servlet engine: [Apache Tomcat/10.1.19]
[36m2024-11-16 17:09:50[0;39m [32m[main][0;39m [34mINFO [0;39m [1;35mo.a.c.c.C.[.[.[/][0;39m - (Initializing Spring embedded WebApplicationContext
[36m2024-11-16 17:09:51[0;39m [32m[main][0;39m [34mINFO [0;39m [1;35mc.z.h.HikariDataSource[0;39m - (HikariPool-1 - Starting...
[36m2024-11-16 17:09:52[0;39m [32m[main][0;39m [34mINFO [0;39m [1;35mc.z.h.p.HikariPool[0;39m - (HikariPool-1 - Added connection com.mysql.cj.jdbc.ConnectionImpl@6f24ce45
[36m2024-11-16 17:09:52[0;39m [32m[main][0;39m [34mINFO [0;39m [1;35mc.z.h.HikariDataSource[0;39m - (HikariPool-1 - Start completed.
[36m2024-11-16 17:09:56[0;39m [32m[main][0;39m [34mINFO [0;39m [1;35mo.a.c.h.Http11NioProtocol[0;39m - (Starting ProtocolHandler ["http-nio-8081"]
[36m2024-11-16 17:09:56[0;39m [32m[main][0;39m [34mINFO [0;39m [1;35mc.g.GanmaApplication[0;39m - (Started GanmaApplication in 11.648 seconds (process running for 12.988)
[36m2024-11-16 17:10:23[0;39m [32m[http-nio-8081-exec-1][0;39m [34mINFO [0;39m [1;35mo.a.c.c.C.[.[.[/][0;39m - (Initializing Spring DispatcherServlet 'dispatcherServlet'
[36m2024-11-16 17:33:09[0;39m [32m[SpringApplicationShutdownHook][0;39m [34mINFO [0;39m [1;35mc.z.h.HikariDataSource[0;39m - (HikariPool-1 - Shutdown initiated...
[36m2024-11-16 17:33:09[0;39m [32m[SpringApplicationShutdownHook][0;39m [34mINFO [0;39m [1;35mc.z.h.HikariDataSource[0;39m - (HikariPool-1 - Shutdown completed.
[36m2024-11-16 17:33:15[0;39m [32m[main][0;39m [34mINFO [0;39m [1;35mc.g.GanmaApplication[0;39m - (Starting GanmaApplication using Java 17.0.12 with PID 11396 (C:\Users\User\Desktop\ganma\target\classes started by User in C:\Users\User\Desktop\ganma)
[36m2024-11-16 17:33:15[0;39m [32m[main][0;39m [34mINFO [0;39m [1;35mc.g.GanmaApplication[0;39m - (No active profile set, falling back to 1 default profile: "default"
[36m2024-11-16 17:33:20[0;39m [32m[main][0;39m [34mINFO [0;39m [1;35mo.a.c.h.Http11NioProtocol[0;39m - (Initializing ProtocolHandler ["http-nio-8081"]
[36m2024-11-16 17:33:20[0;39m [32m[main][0;39m [34mINFO [0;39m [1;35mo.a.c.c.StandardService[0;39m - (Starting service [Tomcat]
[36m2024-11-16 17:33:20[0;39m [32m[main][0;39m [34mINFO [0;39m [1;35mo.a.c.c.StandardEngine[0;39m - (Starting Servlet engine: [Apache Tomcat/10.1.19]
[36m2024-11-16 17:33:20[0;39m [32m[main][0;39m [34mINFO [0;39m [1;35mo.a.c.c.C.[.[.[/][0;39m - (Initializing Spring embedded WebApplicationContext
[36m2024-11-16 17:33:21[0;39m [32m[main][0;39m [34mINFO [0;39m [1;35mc.z.h.HikariDataSource[0;39m - (HikariPool-1 - Starting...
[36m2024-11-16 17:33:22[0;39m [32m[main][0;39m [34mINFO [0;39m [1;35mc.z.h.p.HikariPool[0;39m - (HikariPool-1 - Added connection com.mysql.cj.jdbc.ConnectionImpl@ce655b9
[36m2024-11-16 17:33:22[0;39m [32m[main][0;39m [34mINFO [0;39m [1;35mc.z.h.HikariDataSource[0;39m - (HikariPool-1 - Start completed.
[36m2024-11-16 17:33:24[0;39m [32m[main][0;39m [34mINFO [0;39m [1;35mo.a.c.h.Http11NioProtocol[0;39m - (Starting ProtocolHandler ["http-nio-8081"]
[36m2024-11-16 17:33:24[0;39m [32m[main][0;39m [34mINFO [0;39m [1;35mc.g.GanmaApplication[0;39m - (Started GanmaApplication in 10.777 seconds (process running for 12.214)
[36m2024-11-16 17:33:31[0;39m [32m[http-nio-8081-exec-1][0;39m [34mINFO [0;39m [1;35mo.a.c.c.C.[.[.[/][0;39m - (Initializing Spring DispatcherServlet 'dispatcherServlet'
