[36m2024-11-14 15:22:14[0;39m [32m[main][0;39m [34mINFO [0;39m [1;35mc.g.GanmaApplication[0;39m - (Starting GanmaApplication using Java 17.0.12 with PID 17316 (C:\Users\User\Desktop\ganma\target\classes started by User in C:\Users\User\Desktop\ganma)
[36m2024-11-14 15:22:14[0;39m [32m[main][0;39m [34mINFO [0;39m [1;35mc.g.GanmaApplication[0;39m - (No active profile set, falling back to 1 default profile: "default"
[36m2024-11-14 15:22:18[0;39m [32m[main][0;39m [34mINFO [0;39m [1;35mo.a.c.h.Http11NioProtocol[0;39m - (Initializing ProtocolHandler ["http-nio-8081"]
[36m2024-11-14 15:22:18[0;39m [32m[main][0;39m [34mINFO [0;39m [1;35mo.a.c.c.StandardService[0;39m - (Starting service [Tomcat]
[36m2024-11-14 15:22:18[0;39m [32m[main][0;39m [34mINFO [0;39m [1;35mo.a.c.c.StandardEngine[0;39m - (Starting Servlet engine: [Apache Tomcat/10.1.19]
[36m2024-11-14 15:22:18[0;39m [32m[main][0;39m [34mINFO [0;39m [1;35mo.a.c.c.C.[.[.[/][0;39m - (Initializing Spring embedded WebApplicationContext
[36m2024-11-14 15:22:19[0;39m [32m[main][0;39m [34mINFO [0;39m [1;35mc.z.h.HikariDataSource[0;39m - (HikariPool-1 - Starting...
[36m2024-11-14 15:22:20[0;39m [32m[main][0;39m [34mINFO [0;39m [1;35mc.z.h.p.HikariPool[0;39m - (HikariPool-1 - Added connection com.mysql.cj.jdbc.ConnectionImpl@3c488b34
[36m2024-11-14 15:22:20[0;39m [32m[main][0;39m [34mINFO [0;39m [1;35mc.z.h.HikariDataSource[0;39m - (HikariPool-1 - Start completed.
[36m2024-11-14 15:22:23[0;39m [32m[main][0;39m [34mINFO [0;39m [1;35mo.a.c.h.Http11NioProtocol[0;39m - (Starting ProtocolHandler ["http-nio-8081"]
[36m2024-11-14 15:22:23[0;39m [32m[main][0;39m [34mINFO [0;39m [1;35mc.g.GanmaApplication[0;39m - (Started GanmaApplication in 9.664 seconds (process running for 11.435)
[36m2024-11-14 15:22:28[0;39m [32m[http-nio-8081-exec-1][0;39m [34mINFO [0;39m [1;35mo.a.c.c.C.[.[.[/][0;39m - (Initializing Spring DispatcherServlet 'dispatcherServlet'
[36m2024-11-14 15:23:13[0;39m [32m[SpringApplicationShutdownHook][0;39m [34mINFO [0;39m [1;35mc.z.h.HikariDataSource[0;39m - (HikariPool-1 - Shutdown initiated...
[36m2024-11-14 15:23:13[0;39m [32m[SpringApplicationShutdownHook][0;39m [34mINFO [0;39m [1;35mc.z.h.HikariDataSource[0;39m - (HikariPool-1 - Shutdown completed.
[36m2024-11-14 15:23:21[0;39m [32m[main][0;39m [34mINFO [0;39m [1;35mc.g.GanmaApplication[0;39m - (Starting GanmaApplication using Java 17.0.12 with PID 9292 (C:\Users\User\Desktop\ganma\target\classes started by User in C:\Users\User\Desktop\ganma)
[36m2024-11-14 15:23:21[0;39m [32m[main][0;39m [34mINFO [0;39m [1;35mc.g.GanmaApplication[0;39m - (No active profile set, falling back to 1 default profile: "default"
[36m2024-11-14 15:23:24[0;39m [32m[main][0;39m [34mINFO [0;39m [1;35mo.a.c.h.Http11NioProtocol[0;39m - (Initializing ProtocolHandler ["http-nio-8081"]
[36m2024-11-14 15:23:24[0;39m [32m[main][0;39m [34mINFO [0;39m [1;35mo.a.c.c.StandardService[0;39m - (Starting service [Tomcat]
[36m2024-11-14 15:23:24[0;39m [32m[main][0;39m [34mINFO [0;39m [1;35mo.a.c.c.StandardEngine[0;39m - (Starting Servlet engine: [Apache Tomcat/10.1.19]
[36m2024-11-14 15:23:24[0;39m [32m[main][0;39m [34mINFO [0;39m [1;35mo.a.c.c.C.[.[.[/][0;39m - (Initializing Spring embedded WebApplicationContext
[36m2024-11-14 15:23:25[0;39m [32m[main][0;39m [34mINFO [0;39m [1;35mc.z.h.HikariDataSource[0;39m - (HikariPool-1 - Starting...
[36m2024-11-14 15:23:26[0;39m [32m[main][0;39m [34mINFO [0;39m [1;35mc.z.h.p.HikariPool[0;39m - (HikariPool-1 - Added connection com.mysql.cj.jdbc.ConnectionImpl@138a85d3
[36m2024-11-14 15:23:26[0;39m [32m[main][0;39m [34mINFO [0;39m [1;35mc.z.h.HikariDataSource[0;39m - (HikariPool-1 - Start completed.
[36m2024-11-14 15:23:29[0;39m [32m[main][0;39m [34mINFO [0;39m [1;35mo.a.c.h.Http11NioProtocol[0;39m - (Starting ProtocolHandler ["http-nio-8081"]
[36m2024-11-14 15:23:29[0;39m [32m[main][0;39m [34mINFO [0;39m [1;35mc.g.GanmaApplication[0;39m - (Started GanmaApplication in 8.607 seconds (process running for 9.909)
[36m2024-11-14 15:23:40[0;39m [32m[http-nio-8081-exec-1][0;39m [34mINFO [0;39m [1;35mo.a.c.c.C.[.[.[/][0;39m - (Initializing Spring DispatcherServlet 'dispatcherServlet'
[36m2024-11-14 15:33:11[0;39m [32m[SpringApplicationShutdownHook][0;39m [34mINFO [0;39m [1;35mc.z.h.HikariDataSource[0;39m - (HikariPool-1 - Shutdown initiated...
[36m2024-11-14 15:33:11[0;39m [32m[SpringApplicationShutdownHook][0;39m [34mINFO [0;39m [1;35mc.z.h.HikariDataSource[0;39m - (HikariPool-1 - Shutdown completed.
[36m2024-11-14 15:33:17[0;39m [32m[main][0;39m [34mINFO [0;39m [1;35mc.g.GanmaApplication[0;39m - (Starting GanmaApplication using Java 17.0.12 with PID 16240 (C:\Users\User\Desktop\ganma\target\classes started by User in C:\Users\User\Desktop\ganma)
[36m2024-11-14 15:33:17[0;39m [32m[main][0;39m [34mINFO [0;39m [1;35mc.g.GanmaApplication[0;39m - (No active profile set, falling back to 1 default profile: "default"
[36m2024-11-14 15:33:22[0;39m [32m[main][0;39m [34mINFO [0;39m [1;35mo.a.c.h.Http11NioProtocol[0;39m - (Initializing ProtocolHandler ["http-nio-8081"]
[36m2024-11-14 15:33:22[0;39m [32m[main][0;39m [34mINFO [0;39m [1;35mo.a.c.c.StandardService[0;39m - (Starting service [Tomcat]
[36m2024-11-14 15:33:22[0;39m [32m[main][0;39m [34mINFO [0;39m [1;35mo.a.c.c.StandardEngine[0;39m - (Starting Servlet engine: [Apache Tomcat/10.1.19]
[36m2024-11-14 15:33:22[0;39m [32m[main][0;39m [34mINFO [0;39m [1;35mo.a.c.c.C.[.[.[/][0;39m - (Initializing Spring embedded WebApplicationContext
[36m2024-11-14 15:33:23[0;39m [32m[main][0;39m [34mINFO [0;39m [1;35mc.z.h.HikariDataSource[0;39m - (HikariPool-1 - Starting...
[36m2024-11-14 15:33:23[0;39m [32m[main][0;39m [34mINFO [0;39m [1;35mc.z.h.p.HikariPool[0;39m - (HikariPool-1 - Added connection com.mysql.cj.jdbc.ConnectionImpl@45796b2a
[36m2024-11-14 15:33:23[0;39m [32m[main][0;39m [34mINFO [0;39m [1;35mc.z.h.HikariDataSource[0;39m - (HikariPool-1 - Start completed.
[36m2024-11-14 15:33:26[0;39m [32m[main][0;39m [34mINFO [0;39m [1;35mo.a.c.h.Http11NioProtocol[0;39m - (Starting ProtocolHandler ["http-nio-8081"]
[36m2024-11-14 15:33:26[0;39m [32m[main][0;39m [34mINFO [0;39m [1;35mc.g.GanmaApplication[0;39m - (Started GanmaApplication in 9.728 seconds (process running for 10.937)
[36m2024-11-14 15:33:53[0;39m [32m[SpringApplicationShutdownHook][0;39m [34mINFO [0;39m [1;35mc.z.h.HikariDataSource[0;39m - (HikariPool-1 - Shutdown initiated...
[36m2024-11-14 15:33:53[0;39m [32m[SpringApplicationShutdownHook][0;39m [34mINFO [0;39m [1;35mc.z.h.HikariDataSource[0;39m - (HikariPool-1 - Shutdown completed.
[36m2024-11-14 15:33:57[0;39m [32m[main][0;39m [34mINFO [0;39m [1;35mc.g.GanmaApplication[0;39m - (Starting GanmaApplication using Java 17.0.12 with PID 13924 (C:\Users\User\Desktop\ganma\target\classes started by User in C:\Users\User\Desktop\ganma)
[36m2024-11-14 15:33:57[0;39m [32m[main][0;39m [34mINFO [0;39m [1;35mc.g.GanmaApplication[0;39m - (No active profile set, falling back to 1 default profile: "default"
[36m2024-11-14 15:34:01[0;39m [32m[main][0;39m [34mINFO [0;39m [1;35mo.a.c.h.Http11NioProtocol[0;39m - (Initializing ProtocolHandler ["http-nio-8081"]
[36m2024-11-14 15:34:01[0;39m [32m[main][0;39m [34mINFO [0;39m [1;35mo.a.c.c.StandardService[0;39m - (Starting service [Tomcat]
[36m2024-11-14 15:34:01[0;39m [32m[main][0;39m [34mINFO [0;39m [1;35mo.a.c.c.StandardEngine[0;39m - (Starting Servlet engine: [Apache Tomcat/10.1.19]
[36m2024-11-14 15:34:01[0;39m [32m[main][0;39m [34mINFO [0;39m [1;35mo.a.c.c.C.[.[.[/][0;39m - (Initializing Spring embedded WebApplicationContext
[36m2024-11-14 15:34:02[0;39m [32m[main][0;39m [34mINFO [0;39m [1;35mc.z.h.HikariDataSource[0;39m - (HikariPool-1 - Starting...
[36m2024-11-14 15:34:02[0;39m [32m[main][0;39m [34mINFO [0;39m [1;35mc.z.h.p.HikariPool[0;39m - (HikariPool-1 - Added connection com.mysql.cj.jdbc.ConnectionImpl@4b85edeb
[36m2024-11-14 15:34:02[0;39m [32m[main][0;39m [34mINFO [0;39m [1;35mc.z.h.HikariDataSource[0;39m - (HikariPool-1 - Start completed.
[36m2024-11-14 15:34:05[0;39m [32m[main][0;39m [34mINFO [0;39m [1;35mo.a.c.h.Http11NioProtocol[0;39m - (Starting ProtocolHandler ["http-nio-8081"]
[36m2024-11-14 15:34:05[0;39m [32m[main][0;39m [34mINFO [0;39m [1;35mc.g.GanmaApplication[0;39m - (Started GanmaApplication in 8.539 seconds (process running for 9.701)
[36m2024-11-14 15:34:10[0;39m [32m[http-nio-8081-exec-1][0;39m [34mINFO [0;39m [1;35mo.a.c.c.C.[.[.[/][0;39m - (Initializing Spring DispatcherServlet 'dispatcherServlet'
[36m2024-11-14 15:36:27[0;39m [32m[SpringApplicationShutdownHook][0;39m [34mINFO [0;39m [1;35mc.z.h.HikariDataSource[0;39m - (HikariPool-1 - Shutdown initiated...
[36m2024-11-14 15:36:27[0;39m [32m[SpringApplicationShutdownHook][0;39m [34mINFO [0;39m [1;35mc.z.h.HikariDataSource[0;39m - (HikariPool-1 - Shutdown completed.
[36m2024-11-14 15:36:32[0;39m [32m[main][0;39m [34mINFO [0;39m [1;35mc.g.GanmaApplication[0;39m - (Starting GanmaApplication using Java 17.0.12 with PID 8404 (C:\Users\User\Desktop\ganma\target\classes started by User in C:\Users\User\Desktop\ganma)
[36m2024-11-14 15:36:32[0;39m [32m[main][0;39m [34mINFO [0;39m [1;35mc.g.GanmaApplication[0;39m - (No active profile set, falling back to 1 default profile: "default"
[36m2024-11-14 15:36:36[0;39m [32m[main][0;39m [34mINFO [0;39m [1;35mo.a.c.h.Http11NioProtocol[0;39m - (Initializing ProtocolHandler ["http-nio-8081"]
[36m2024-11-14 15:36:36[0;39m [32m[main][0;39m [34mINFO [0;39m [1;35mo.a.c.c.StandardService[0;39m - (Starting service [Tomcat]
[36m2024-11-14 15:36:36[0;39m [32m[main][0;39m [34mINFO [0;39m [1;35mo.a.c.c.StandardEngine[0;39m - (Starting Servlet engine: [Apache Tomcat/10.1.19]
[36m2024-11-14 15:36:36[0;39m [32m[main][0;39m [34mINFO [0;39m [1;35mo.a.c.c.C.[.[.[/][0;39m - (Initializing Spring embedded WebApplicationContext
[36m2024-11-14 15:36:37[0;39m [32m[main][0;39m [34mINFO [0;39m [1;35mc.z.h.HikariDataSource[0;39m - (HikariPool-1 - Starting...
[36m2024-11-14 15:36:37[0;39m [32m[main][0;39m [34mINFO [0;39m [1;35mc.z.h.p.HikariPool[0;39m - (HikariPool-1 - Added connection com.mysql.cj.jdbc.ConnectionImpl@59baf2c7
[36m2024-11-14 15:36:37[0;39m [32m[main][0;39m [34mINFO [0;39m [1;35mc.z.h.HikariDataSource[0;39m - (HikariPool-1 - Start completed.
[36m2024-11-14 15:36:40[0;39m [32m[main][0;39m [34mINFO [0;39m [1;35mo.a.c.h.Http11NioProtocol[0;39m - (Starting ProtocolHandler ["http-nio-8081"]
[36m2024-11-14 15:36:40[0;39m [32m[main][0;39m [34mINFO [0;39m [1;35mc.g.GanmaApplication[0;39m - (Started GanmaApplication in 8.453 seconds (process running for 9.606)
[36m2024-11-14 15:36:53[0;39m [32m[http-nio-8081-exec-1][0;39m [34mINFO [0;39m [1;35mo.a.c.c.C.[.[.[/][0;39m - (Initializing Spring DispatcherServlet 'dispatcherServlet'
[36m2024-11-14 15:47:04[0;39m [32m[SpringApplicationShutdownHook][0;39m [34mINFO [0;39m [1;35mc.z.h.HikariDataSource[0;39m - (HikariPool-1 - Shutdown initiated...
[36m2024-11-14 15:47:04[0;39m [32m[SpringApplicationShutdownHook][0;39m [34mINFO [0;39m [1;35mc.z.h.HikariDataSource[0;39m - (HikariPool-1 - Shutdown completed.
[36m2024-11-14 15:47:10[0;39m [32m[main][0;39m [34mINFO [0;39m [1;35mc.g.GanmaApplication[0;39m - (Starting GanmaApplication using Java 17.0.12 with PID 14272 (C:\Users\User\Desktop\ganma\target\classes started by User in C:\Users\User\Desktop\ganma)
[36m2024-11-14 15:47:10[0;39m [32m[main][0;39m [34mINFO [0;39m [1;35mc.g.GanmaApplication[0;39m - (No active profile set, falling back to 1 default profile: "default"
[36m2024-11-14 15:47:13[0;39m [32m[main][0;39m [34mINFO [0;39m [1;35mo.a.c.h.Http11NioProtocol[0;39m - (Initializing ProtocolHandler ["http-nio-8081"]
[36m2024-11-14 15:47:13[0;39m [32m[main][0;39m [34mINFO [0;39m [1;35mo.a.c.c.StandardService[0;39m - (Starting service [Tomcat]
[36m2024-11-14 15:47:13[0;39m [32m[main][0;39m [34mINFO [0;39m [1;35mo.a.c.c.StandardEngine[0;39m - (Starting Servlet engine: [Apache Tomcat/10.1.19]
[36m2024-11-14 15:47:14[0;39m [32m[main][0;39m [34mINFO [0;39m [1;35mo.a.c.c.C.[.[.[/][0;39m - (Initializing Spring embedded WebApplicationContext
[36m2024-11-14 15:47:15[0;39m [32m[main][0;39m [34mINFO [0;39m [1;35mc.z.h.HikariDataSource[0;39m - (HikariPool-1 - Starting...
[36m2024-11-14 15:47:15[0;39m [32m[main][0;39m [34mINFO [0;39m [1;35mc.z.h.p.HikariPool[0;39m - (HikariPool-1 - Added connection com.mysql.cj.jdbc.ConnectionImpl@4ad896f7
[36m2024-11-14 15:47:15[0;39m [32m[main][0;39m [34mINFO [0;39m [1;35mc.z.h.HikariDataSource[0;39m - (HikariPool-1 - Start completed.
[36m2024-11-14 15:47:18[0;39m [32m[main][0;39m [34mINFO [0;39m [1;35mo.a.c.h.Http11NioProtocol[0;39m - (Starting ProtocolHandler ["http-nio-8081"]
[36m2024-11-14 15:47:18[0;39m [32m[main][0;39m [34mINFO [0;39m [1;35mc.g.GanmaApplication[0;39m - (Started GanmaApplication in 9.032 seconds (process running for 10.265)
[36m2024-11-14 15:47:24[0;39m [32m[http-nio-8081-exec-1][0;39m [34mINFO [0;39m [1;35mo.a.c.c.C.[.[.[/][0;39m - (Initializing Spring DispatcherServlet 'dispatcherServlet'
[36m2024-11-14 15:50:47[0;39m [32m[SpringApplicationShutdownHook][0;39m [34mINFO [0;39m [1;35mc.z.h.HikariDataSource[0;39m - (HikariPool-1 - Shutdown initiated...
[36m2024-11-14 15:50:47[0;39m [32m[SpringApplicationShutdownHook][0;39m [34mINFO [0;39m [1;35mc.z.h.HikariDataSource[0;39m - (HikariPool-1 - Shutdown completed.
[36m2024-11-14 15:50:51[0;39m [32m[main][0;39m [34mINFO [0;39m [1;35mc.g.GanmaApplication[0;39m - (Starting GanmaApplication using Java 17.0.12 with PID 10428 (C:\Users\User\Desktop\ganma\target\classes started by User in C:\Users\User\Desktop\ganma)
[36m2024-11-14 15:50:51[0;39m [32m[main][0;39m [34mINFO [0;39m [1;35mc.g.GanmaApplication[0;39m - (No active profile set, falling back to 1 default profile: "default"
[36m2024-11-14 15:50:55[0;39m [32m[main][0;39m [34mINFO [0;39m [1;35mo.a.c.h.Http11NioProtocol[0;39m - (Initializing ProtocolHandler ["http-nio-8081"]
[36m2024-11-14 15:50:55[0;39m [32m[main][0;39m [34mINFO [0;39m [1;35mo.a.c.c.StandardService[0;39m - (Starting service [Tomcat]
[36m2024-11-14 15:50:55[0;39m [32m[main][0;39m [34mINFO [0;39m [1;35mo.a.c.c.StandardEngine[0;39m - (Starting Servlet engine: [Apache Tomcat/10.1.19]
[36m2024-11-14 15:50:55[0;39m [32m[main][0;39m [34mINFO [0;39m [1;35mo.a.c.c.C.[.[.[/][0;39m - (Initializing Spring embedded WebApplicationContext
[36m2024-11-14 15:50:56[0;39m [32m[main][0;39m [34mINFO [0;39m [1;35mc.z.h.HikariDataSource[0;39m - (HikariPool-1 - Starting...
[36m2024-11-14 15:50:56[0;39m [32m[main][0;39m [34mINFO [0;39m [1;35mc.z.h.p.HikariPool[0;39m - (HikariPool-1 - Added connection com.mysql.cj.jdbc.ConnectionImpl@4ad896f7
[36m2024-11-14 15:50:56[0;39m [32m[main][0;39m [34mINFO [0;39m [1;35mc.z.h.HikariDataSource[0;39m - (HikariPool-1 - Start completed.
[36m2024-11-14 15:51:00[0;39m [32m[main][0;39m [34mINFO [0;39m [1;35mo.a.c.h.Http11NioProtocol[0;39m - (Starting ProtocolHandler ["http-nio-8081"]
[36m2024-11-14 15:51:00[0;39m [32m[main][0;39m [34mINFO [0;39m [1;35mc.g.GanmaApplication[0;39m - (Started GanmaApplication in 9.522 seconds (process running for 10.712)
[36m2024-11-14 15:51:10[0;39m [32m[http-nio-8081-exec-1][0;39m [34mINFO [0;39m [1;35mo.a.c.c.C.[.[.[/][0;39m - (Initializing Spring DispatcherServlet 'dispatcherServlet'
[36m2024-11-14 15:59:09[0;39m [32m[SpringApplicationShutdownHook][0;39m [34mINFO [0;39m [1;35mc.z.h.HikariDataSource[0;39m - (HikariPool-1 - Shutdown initiated...
[36m2024-11-14 15:59:09[0;39m [32m[SpringApplicationShutdownHook][0;39m [34mINFO [0;39m [1;35mc.z.h.HikariDataSource[0;39m - (HikariPool-1 - Shutdown completed.
[36m2024-11-14 15:59:15[0;39m [32m[main][0;39m [34mINFO [0;39m [1;35mc.g.GanmaApplication[0;39m - (Starting GanmaApplication using Java 17.0.12 with PID 15668 (C:\Users\User\Desktop\ganma\target\classes started by User in C:\Users\User\Desktop\ganma)
[36m2024-11-14 15:59:15[0;39m [32m[main][0;39m [34mINFO [0;39m [1;35mc.g.GanmaApplication[0;39m - (No active profile set, falling back to 1 default profile: "default"
[36m2024-11-14 15:59:19[0;39m [32m[main][0;39m [34mINFO [0;39m [1;35mo.a.c.h.Http11NioProtocol[0;39m - (Initializing ProtocolHandler ["http-nio-8081"]
[36m2024-11-14 15:59:19[0;39m [32m[main][0;39m [34mINFO [0;39m [1;35mo.a.c.c.StandardService[0;39m - (Starting service [Tomcat]
[36m2024-11-14 15:59:19[0;39m [32m[main][0;39m [34mINFO [0;39m [1;35mo.a.c.c.StandardEngine[0;39m - (Starting Servlet engine: [Apache Tomcat/10.1.19]
[36m2024-11-14 15:59:19[0;39m [32m[main][0;39m [34mINFO [0;39m [1;35mo.a.c.c.C.[.[.[/][0;39m - (Initializing Spring embedded WebApplicationContext
[36m2024-11-14 15:59:20[0;39m [32m[main][0;39m [34mINFO [0;39m [1;35mc.z.h.HikariDataSource[0;39m - (HikariPool-1 - Starting...
[36m2024-11-14 15:59:20[0;39m [32m[main][0;39m [34mINFO [0;39m [1;35mc.z.h.p.HikariPool[0;39m - (HikariPool-1 - Added connection com.mysql.cj.jdbc.ConnectionImpl@3e8b8f0
[36m2024-11-14 15:59:20[0;39m [32m[main][0;39m [34mINFO [0;39m [1;35mc.z.h.HikariDataSource[0;39m - (HikariPool-1 - Start completed.
[36m2024-11-14 15:59:23[0;39m [32m[main][0;39m [34mINFO [0;39m [1;35mo.a.c.h.Http11NioProtocol[0;39m - (Starting ProtocolHandler ["http-nio-8081"]
[36m2024-11-14 15:59:24[0;39m [32m[main][0;39m [34mINFO [0;39m [1;35mc.g.GanmaApplication[0;39m - (Started GanmaApplication in 9.025 seconds (process running for 10.207)
[36m2024-11-14 15:59:35[0;39m [32m[http-nio-8081-exec-1][0;39m [34mINFO [0;39m [1;35mo.a.c.c.C.[.[.[/][0;39m - (Initializing Spring DispatcherServlet 'dispatcherServlet'
[36m2024-11-14 16:01:44[0;39m [32m[SpringApplicationShutdownHook][0;39m [34mINFO [0;39m [1;35mc.z.h.HikariDataSource[0;39m - (HikariPool-1 - Shutdown initiated...
[36m2024-11-14 16:01:44[0;39m [32m[SpringApplicationShutdownHook][0;39m [34mINFO [0;39m [1;35mc.z.h.HikariDataSource[0;39m - (HikariPool-1 - Shutdown completed.
[36m2024-11-14 16:01:49[0;39m [32m[main][0;39m [34mINFO [0;39m [1;35mc.g.GanmaApplication[0;39m - (Starting GanmaApplication using Java 17.0.12 with PID 13872 (C:\Users\User\Desktop\ganma\target\classes started by User in C:\Users\User\Desktop\ganma)
[36m2024-11-14 16:01:49[0;39m [32m[main][0;39m [34mINFO [0;39m [1;35mc.g.GanmaApplication[0;39m - (No active profile set, falling back to 1 default profile: "default"
[36m2024-11-14 16:01:53[0;39m [32m[main][0;39m [34mINFO [0;39m [1;35mo.a.c.h.Http11NioProtocol[0;39m - (Initializing ProtocolHandler ["http-nio-8081"]
[36m2024-11-14 16:01:53[0;39m [32m[main][0;39m [34mINFO [0;39m [1;35mo.a.c.c.StandardService[0;39m - (Starting service [Tomcat]
[36m2024-11-14 16:01:53[0;39m [32m[main][0;39m [34mINFO [0;39m [1;35mo.a.c.c.StandardEngine[0;39m - (Starting Servlet engine: [Apache Tomcat/10.1.19]
[36m2024-11-14 16:01:53[0;39m [32m[main][0;39m [34mINFO [0;39m [1;35mo.a.c.c.C.[.[.[/][0;39m - (Initializing Spring embedded WebApplicationContext
[36m2024-11-14 16:01:54[0;39m [32m[main][0;39m [34mINFO [0;39m [1;35mc.z.h.HikariDataSource[0;39m - (HikariPool-1 - Starting...
[36m2024-11-14 16:01:54[0;39m [32m[main][0;39m [34mINFO [0;39m [1;35mc.z.h.p.HikariPool[0;39m - (HikariPool-1 - Added connection com.mysql.cj.jdbc.ConnectionImpl@ce655b9
[36m2024-11-14 16:01:54[0;39m [32m[main][0;39m [34mINFO [0;39m [1;35mc.z.h.HikariDataSource[0;39m - (HikariPool-1 - Start completed.
[36m2024-11-14 16:01:57[0;39m [32m[main][0;39m [34mINFO [0;39m [1;35mo.a.c.h.Http11NioProtocol[0;39m - (Starting ProtocolHandler ["http-nio-8081"]
[36m2024-11-14 16:01:57[0;39m [32m[main][0;39m [34mINFO [0;39m [1;35mc.g.GanmaApplication[0;39m - (Started GanmaApplication in 8.312 seconds (process running for 9.505)
[36m2024-11-14 16:02:01[0;39m [32m[http-nio-8081-exec-1][0;39m [34mINFO [0;39m [1;35mo.a.c.c.C.[.[.[/][0;39m - (Initializing Spring DispatcherServlet 'dispatcherServlet'
[36m2024-11-14 16:04:20[0;39m [32m[SpringApplicationShutdownHook][0;39m [34mINFO [0;39m [1;35mc.z.h.HikariDataSource[0;39m - (HikariPool-1 - Shutdown initiated...
[36m2024-11-14 16:04:20[0;39m [32m[SpringApplicationShutdownHook][0;39m [34mINFO [0;39m [1;35mc.z.h.HikariDataSource[0;39m - (HikariPool-1 - Shutdown completed.
[36m2024-11-14 16:04:27[0;39m [32m[main][0;39m [34mINFO [0;39m [1;35mc.g.GanmaApplication[0;39m - (Starting GanmaApplication using Java 17.0.12 with PID 14484 (C:\Users\User\Desktop\ganma\target\classes started by User in C:\Users\User\Desktop\ganma)
[36m2024-11-14 16:04:27[0;39m [32m[main][0;39m [34mINFO [0;39m [1;35mc.g.GanmaApplication[0;39m - (No active profile set, falling back to 1 default profile: "default"
[36m2024-11-14 16:04:30[0;39m [32m[main][0;39m [34mINFO [0;39m [1;35mo.a.c.h.Http11NioProtocol[0;39m - (Initializing ProtocolHandler ["http-nio-8081"]
[36m2024-11-14 16:04:30[0;39m [32m[main][0;39m [34mINFO [0;39m [1;35mo.a.c.c.StandardService[0;39m - (Starting service [Tomcat]
[36m2024-11-14 16:04:30[0;39m [32m[main][0;39m [34mINFO [0;39m [1;35mo.a.c.c.StandardEngine[0;39m - (Starting Servlet engine: [Apache Tomcat/10.1.19]
[36m2024-11-14 16:04:31[0;39m [32m[main][0;39m [34mINFO [0;39m [1;35mo.a.c.c.C.[.[.[/][0;39m - (Initializing Spring embedded WebApplicationContext
[36m2024-11-14 16:04:32[0;39m [32m[main][0;39m [34mINFO [0;39m [1;35mc.z.h.HikariDataSource[0;39m - (HikariPool-1 - Starting...
[36m2024-11-14 16:04:32[0;39m [32m[main][0;39m [34mINFO [0;39m [1;35mc.z.h.p.HikariPool[0;39m - (HikariPool-1 - Added connection com.mysql.cj.jdbc.ConnectionImpl@5ad57e90
[36m2024-11-14 16:04:32[0;39m [32m[main][0;39m [34mINFO [0;39m [1;35mc.z.h.HikariDataSource[0;39m - (HikariPool-1 - Start completed.
[36m2024-11-14 16:04:35[0;39m [32m[main][0;39m [34mINFO [0;39m [1;35mo.a.c.h.Http11NioProtocol[0;39m - (Starting ProtocolHandler ["http-nio-8081"]
[36m2024-11-14 16:04:35[0;39m [32m[main][0;39m [34mINFO [0;39m [1;35mc.g.GanmaApplication[0;39m - (Started GanmaApplication in 9.399 seconds (process running for 10.637)
[36m2024-11-14 16:04:39[0;39m [32m[http-nio-8081-exec-1][0;39m [34mINFO [0;39m [1;35mo.a.c.c.C.[.[.[/][0;39m - (Initializing Spring DispatcherServlet 'dispatcherServlet'
[36m2024-11-14 16:10:58[0;39m [32m[SpringApplicationShutdownHook][0;39m [34mINFO [0;39m [1;35mc.z.h.HikariDataSource[0;39m - (HikariPool-1 - Shutdown initiated...
[36m2024-11-14 16:10:58[0;39m [32m[SpringApplicationShutdownHook][0;39m [34mINFO [0;39m [1;35mc.z.h.HikariDataSource[0;39m - (HikariPool-1 - Shutdown completed.
[36m2024-11-14 16:11:02[0;39m [32m[main][0;39m [34mINFO [0;39m [1;35mc.g.GanmaApplication[0;39m - (Starting GanmaApplication using Java 17.0.12 with PID 7788 (C:\Users\User\Desktop\ganma\target\classes started by User in C:\Users\User\Desktop\ganma)
[36m2024-11-14 16:11:02[0;39m [32m[main][0;39m [34mINFO [0;39m [1;35mc.g.GanmaApplication[0;39m - (No active profile set, falling back to 1 default profile: "default"
[36m2024-11-14 16:11:05[0;39m [32m[main][0;39m [34mINFO [0;39m [1;35mo.a.c.h.Http11NioProtocol[0;39m - (Initializing ProtocolHandler ["http-nio-8081"]
[36m2024-11-14 16:11:05[0;39m [32m[main][0;39m [34mINFO [0;39m [1;35mo.a.c.c.StandardService[0;39m - (Starting service [Tomcat]
[36m2024-11-14 16:11:05[0;39m [32m[main][0;39m [34mINFO [0;39m [1;35mo.a.c.c.StandardEngine[0;39m - (Starting Servlet engine: [Apache Tomcat/10.1.19]
[36m2024-11-14 16:11:06[0;39m [32m[main][0;39m [34mINFO [0;39m [1;35mo.a.c.c.C.[.[.[/][0;39m - (Initializing Spring embedded WebApplicationContext
[36m2024-11-14 16:11:07[0;39m [32m[main][0;39m [34mINFO [0;39m [1;35mc.z.h.HikariDataSource[0;39m - (HikariPool-1 - Starting...
[36m2024-11-14 16:11:07[0;39m [32m[main][0;39m [34mINFO [0;39m [1;35mc.z.h.p.HikariPool[0;39m - (HikariPool-1 - Added connection com.mysql.cj.jdbc.ConnectionImpl@241fc278
[36m2024-11-14 16:11:07[0;39m [32m[main][0;39m [34mINFO [0;39m [1;35mc.z.h.HikariDataSource[0;39m - (HikariPool-1 - Start completed.
[36m2024-11-14 16:11:10[0;39m [32m[main][0;39m [34mINFO [0;39m [1;35mo.a.c.h.Http11NioProtocol[0;39m - (Starting ProtocolHandler ["http-nio-8081"]
[36m2024-11-14 16:11:10[0;39m [32m[main][0;39m [34mINFO [0;39m [1;35mc.g.GanmaApplication[0;39m - (Started GanmaApplication in 8.819 seconds (process running for 10.011)
[36m2024-11-14 16:11:15[0;39m [32m[http-nio-8081-exec-1][0;39m [34mINFO [0;39m [1;35mo.a.c.c.C.[.[.[/][0;39m - (Initializing Spring DispatcherServlet 'dispatcherServlet'
[36m2024-11-14 16:25:58[0;39m [32m[SpringApplicationShutdownHook][0;39m [34mINFO [0;39m [1;35mc.z.h.HikariDataSource[0;39m - (HikariPool-1 - Shutdown initiated...
[36m2024-11-14 16:25:58[0;39m [32m[SpringApplicationShutdownHook][0;39m [34mINFO [0;39m [1;35mc.z.h.HikariDataSource[0;39m - (HikariPool-1 - Shutdown completed.
[36m2024-11-14 16:35:25[0;39m [32m[main][0;39m [34mINFO [0;39m [1;35mc.g.GanmaApplication[0;39m - (Starting GanmaApplication using Java 17.0.12 with PID 15960 (C:\Users\User\Desktop\ganma\target\classes started by User in C:\Users\User\Desktop\ganma)
[36m2024-11-14 16:35:25[0;39m [32m[main][0;39m [34mINFO [0;39m [1;35mc.g.GanmaApplication[0;39m - (No active profile set, falling back to 1 default profile: "default"
[36m2024-11-14 16:35:29[0;39m [32m[main][0;39m [34mINFO [0;39m [1;35mo.a.c.h.Http11NioProtocol[0;39m - (Initializing ProtocolHandler ["http-nio-8081"]
[36m2024-11-14 16:35:29[0;39m [32m[main][0;39m [34mINFO [0;39m [1;35mo.a.c.c.StandardService[0;39m - (Starting service [Tomcat]
[36m2024-11-14 16:35:29[0;39m [32m[main][0;39m [34mINFO [0;39m [1;35mo.a.c.c.StandardEngine[0;39m - (Starting Servlet engine: [Apache Tomcat/10.1.19]
[36m2024-11-14 16:35:29[0;39m [32m[main][0;39m [34mINFO [0;39m [1;35mo.a.c.c.C.[.[.[/][0;39m - (Initializing Spring embedded WebApplicationContext
[36m2024-11-14 16:35:30[0;39m [32m[main][0;39m [34mINFO [0;39m [1;35mc.z.h.HikariDataSource[0;39m - (HikariPool-1 - Starting...
[36m2024-11-14 16:35:30[0;39m [32m[main][0;39m [34mINFO [0;39m [1;35mc.z.h.p.HikariPool[0;39m - (HikariPool-1 - Added connection com.mysql.cj.jdbc.ConnectionImpl@c318864
[36m2024-11-14 16:35:30[0;39m [32m[main][0;39m [34mINFO [0;39m [1;35mc.z.h.HikariDataSource[0;39m - (HikariPool-1 - Start completed.
[36m2024-11-14 16:35:33[0;39m [32m[main][0;39m [34mINFO [0;39m [1;35mo.a.c.h.Http11NioProtocol[0;39m - (Starting ProtocolHandler ["http-nio-8081"]
[36m2024-11-14 16:35:33[0;39m [32m[main][0;39m [34mINFO [0;39m [1;35mc.g.GanmaApplication[0;39m - (Started GanmaApplication in 8.957 seconds (process running for 10.149)
[36m2024-11-14 16:35:43[0;39m [32m[http-nio-8081-exec-1][0;39m [34mINFO [0;39m [1;35mo.a.c.c.C.[.[.[/][0;39m - (Initializing Spring DispatcherServlet 'dispatcherServlet'
[36m2024-11-14 16:38:41[0;39m [32m[SpringApplicationShutdownHook][0;39m [34mINFO [0;39m [1;35mc.z.h.HikariDataSource[0;39m - (HikariPool-1 - Shutdown initiated...
[36m2024-11-14 16:38:41[0;39m [32m[SpringApplicationShutdownHook][0;39m [34mINFO [0;39m [1;35mc.z.h.HikariDataSource[0;39m - (HikariPool-1 - Shutdown completed.
[36m2024-11-14 16:38:46[0;39m [32m[main][0;39m [34mINFO [0;39m [1;35mc.g.GanmaApplication[0;39m - (Starting GanmaApplication using Java 17.0.12 with PID 5740 (C:\Users\User\Desktop\ganma\target\classes started by User in C:\Users\User\Desktop\ganma)
[36m2024-11-14 16:38:46[0;39m [32m[main][0;39m [34mINFO [0;39m [1;35mc.g.GanmaApplication[0;39m - (No active profile set, falling back to 1 default profile: "default"
[36m2024-11-14 16:38:50[0;39m [32m[main][0;39m [34mINFO [0;39m [1;35mo.a.c.h.Http11NioProtocol[0;39m - (Initializing ProtocolHandler ["http-nio-8081"]
[36m2024-11-14 16:38:50[0;39m [32m[main][0;39m [34mINFO [0;39m [1;35mo.a.c.c.StandardService[0;39m - (Starting service [Tomcat]
[36m2024-11-14 16:38:50[0;39m [32m[main][0;39m [34mINFO [0;39m [1;35mo.a.c.c.StandardEngine[0;39m - (Starting Servlet engine: [Apache Tomcat/10.1.19]
[36m2024-11-14 16:38:50[0;39m [32m[main][0;39m [34mINFO [0;39m [1;35mo.a.c.c.C.[.[.[/][0;39m - (Initializing Spring embedded WebApplicationContext
[36m2024-11-14 16:38:51[0;39m [32m[main][0;39m [34mINFO [0;39m [1;35mc.z.h.HikariDataSource[0;39m - (HikariPool-1 - Starting...
[36m2024-11-14 16:38:51[0;39m [32m[main][0;39m [34mINFO [0;39m [1;35mc.z.h.p.HikariPool[0;39m - (HikariPool-1 - Added connection com.mysql.cj.jdbc.ConnectionImpl@4ad896f7
[36m2024-11-14 16:38:51[0;39m [32m[main][0;39m [34mINFO [0;39m [1;35mc.z.h.HikariDataSource[0;39m - (HikariPool-1 - Start completed.
[36m2024-11-14 16:38:54[0;39m [32m[main][0;39m [34mINFO [0;39m [1;35mo.a.c.h.Http11NioProtocol[0;39m - (Starting ProtocolHandler ["http-nio-8081"]
[36m2024-11-14 16:38:54[0;39m [32m[main][0;39m [34mINFO [0;39m [1;35mc.g.GanmaApplication[0;39m - (Started GanmaApplication in 8.65 seconds (process running for 9.815)
[36m2024-11-14 16:39:03[0;39m [32m[http-nio-8081-exec-1][0;39m [34mINFO [0;39m [1;35mo.a.c.c.C.[.[.[/][0;39m - (Initializing Spring DispatcherServlet 'dispatcherServlet'
[36m2024-11-14 16:49:33[0;39m [32m[SpringApplicationShutdownHook][0;39m [34mINFO [0;39m [1;35mc.z.h.HikariDataSource[0;39m - (HikariPool-1 - Shutdown initiated...
[36m2024-11-14 16:49:33[0;39m [32m[SpringApplicationShutdownHook][0;39m [34mINFO [0;39m [1;35mc.z.h.HikariDataSource[0;39m - (HikariPool-1 - Shutdown completed.
[36m2024-11-14 16:49:39[0;39m [32m[main][0;39m [34mINFO [0;39m [1;35mc.g.GanmaApplication[0;39m - (Starting GanmaApplication using Java 17.0.12 with PID 17000 (C:\Users\User\Desktop\ganma\target\classes started by User in C:\Users\User\Desktop\ganma)
[36m2024-11-14 16:49:39[0;39m [32m[main][0;39m [34mINFO [0;39m [1;35mc.g.GanmaApplication[0;39m - (No active profile set, falling back to 1 default profile: "default"
[36m2024-11-14 16:49:42[0;39m [32m[main][0;39m [34mINFO [0;39m [1;35mo.a.c.h.Http11NioProtocol[0;39m - (Initializing ProtocolHandler ["http-nio-8081"]
[36m2024-11-14 16:49:42[0;39m [32m[main][0;39m [34mINFO [0;39m [1;35mo.a.c.c.StandardService[0;39m - (Starting service [Tomcat]
[36m2024-11-14 16:49:42[0;39m [32m[main][0;39m [34mINFO [0;39m [1;35mo.a.c.c.StandardEngine[0;39m - (Starting Servlet engine: [Apache Tomcat/10.1.19]
[36m2024-11-14 16:49:42[0;39m [32m[main][0;39m [34mINFO [0;39m [1;35mo.a.c.c.C.[.[.[/][0;39m - (Initializing Spring embedded WebApplicationContext
[36m2024-11-14 16:49:43[0;39m [32m[main][0;39m [34mINFO [0;39m [1;35mc.z.h.HikariDataSource[0;39m - (HikariPool-1 - Starting...
[36m2024-11-14 16:49:44[0;39m [32m[main][0;39m [34mINFO [0;39m [1;35mc.z.h.p.HikariPool[0;39m - (HikariPool-1 - Added connection com.mysql.cj.jdbc.ConnectionImpl@1a345298
[36m2024-11-14 16:49:44[0;39m [32m[main][0;39m [34mINFO [0;39m [1;35mc.z.h.HikariDataSource[0;39m - (HikariPool-1 - Start completed.
[36m2024-11-14 16:49:46[0;39m [32m[main][0;39m [34mINFO [0;39m [1;35mo.a.c.h.Http11NioProtocol[0;39m - (Starting ProtocolHandler ["http-nio-8081"]
[36m2024-11-14 16:49:46[0;39m [32m[main][0;39m [34mINFO [0;39m [1;35mc.g.GanmaApplication[0;39m - (Started GanmaApplication in 8.311 seconds (process running for 9.423)
[36m2024-11-14 16:49:52[0;39m [32m[http-nio-8081-exec-1][0;39m [34mINFO [0;39m [1;35mo.a.c.c.C.[.[.[/][0;39m - (Initializing Spring DispatcherServlet 'dispatcherServlet'
[36m2024-11-14 17:08:19[0;39m [32m[SpringApplicationShutdownHook][0;39m [34mINFO [0;39m [1;35mc.z.h.HikariDataSource[0;39m - (HikariPool-1 - Shutdown initiated...
[36m2024-11-14 17:08:19[0;39m [32m[SpringApplicationShutdownHook][0;39m [34mINFO [0;39m [1;35mc.z.h.HikariDataSource[0;39m - (HikariPool-1 - Shutdown completed.
[36m2024-11-14 17:08:24[0;39m [32m[main][0;39m [34mINFO [0;39m [1;35mc.g.GanmaApplication[0;39m - (Starting GanmaApplication using Java 17.0.12 with PID 7928 (C:\Users\User\Desktop\ganma\target\classes started by User in C:\Users\User\Desktop\ganma)
[36m2024-11-14 17:08:24[0;39m [32m[main][0;39m [34mINFO [0;39m [1;35mc.g.GanmaApplication[0;39m - (No active profile set, falling back to 1 default profile: "default"
[36m2024-11-14 17:08:28[0;39m [32m[main][0;39m [34mINFO [0;39m [1;35mo.a.c.h.Http11NioProtocol[0;39m - (Initializing ProtocolHandler ["http-nio-8081"]
[36m2024-11-14 17:08:28[0;39m [32m[main][0;39m [34mINFO [0;39m [1;35mo.a.c.c.StandardService[0;39m - (Starting service [Tomcat]
[36m2024-11-14 17:08:28[0;39m [32m[main][0;39m [34mINFO [0;39m [1;35mo.a.c.c.StandardEngine[0;39m - (Starting Servlet engine: [Apache Tomcat/10.1.19]
[36m2024-11-14 17:08:28[0;39m [32m[main][0;39m [34mINFO [0;39m [1;35mo.a.c.c.C.[.[.[/][0;39m - (Initializing Spring embedded WebApplicationContext
[36m2024-11-14 17:08:29[0;39m [32m[main][0;39m [34mINFO [0;39m [1;35mc.z.h.HikariDataSource[0;39m - (HikariPool-1 - Starting...
[36m2024-11-14 17:08:29[0;39m [32m[main][0;39m [34mINFO [0;39m [1;35mc.z.h.p.HikariPool[0;39m - (HikariPool-1 - Added connection com.mysql.cj.jdbc.ConnectionImpl@c318864
[36m2024-11-14 17:08:29[0;39m [32m[main][0;39m [34mINFO [0;39m [1;35mc.z.h.HikariDataSource[0;39m - (HikariPool-1 - Start completed.
[36m2024-11-14 17:08:29[0;39m [32m[main][0;39m [34mINFO [0;39m [1;35mc.z.h.HikariDataSource[0;39m - (HikariPool-1 - Shutdown initiated...
[36m2024-11-14 17:08:29[0;39m [32m[main][0;39m [34mINFO [0;39m [1;35mc.z.h.HikariDataSource[0;39m - (HikariPool-1 - Shutdown completed.
[36m2024-11-14 17:08:29[0;39m [32m[main][0;39m [34mINFO [0;39m [1;35mo.a.c.c.StandardService[0;39m - (Stopping service [Tomcat]
[36m2024-11-14 17:17:32[0;39m [32m[main][0;39m [34mINFO [0;39m [1;35mc.g.GanmaApplication[0;39m - (Starting GanmaApplication using Java 17.0.12 with PID 14608 (C:\Users\User\Desktop\ganma\target\classes started by User in C:\Users\User\Desktop\ganma)
[36m2024-11-14 17:17:32[0;39m [32m[main][0;39m [34mINFO [0;39m [1;35mc.g.GanmaApplication[0;39m - (No active profile set, falling back to 1 default profile: "default"
[36m2024-11-14 17:17:35[0;39m [32m[main][0;39m [34mINFO [0;39m [1;35mo.a.c.h.Http11NioProtocol[0;39m - (Initializing ProtocolHandler ["http-nio-8081"]
[36m2024-11-14 17:17:35[0;39m [32m[main][0;39m [34mINFO [0;39m [1;35mo.a.c.c.StandardService[0;39m - (Starting service [Tomcat]
[36m2024-11-14 17:17:35[0;39m [32m[main][0;39m [34mINFO [0;39m [1;35mo.a.c.c.StandardEngine[0;39m - (Starting Servlet engine: [Apache Tomcat/10.1.19]
[36m2024-11-14 17:17:35[0;39m [32m[main][0;39m [34mINFO [0;39m [1;35mo.a.c.c.C.[.[.[/][0;39m - (Initializing Spring embedded WebApplicationContext
[36m2024-11-14 17:17:36[0;39m [32m[main][0;39m [34mINFO [0;39m [1;35mc.z.h.HikariDataSource[0;39m - (HikariPool-1 - Starting...
[36m2024-11-14 17:17:37[0;39m [32m[main][0;39m [34mINFO [0;39m [1;35mc.z.h.p.HikariPool[0;39m - (HikariPool-1 - Added connection com.mysql.cj.jdbc.ConnectionImpl@c318864
[36m2024-11-14 17:17:37[0;39m [32m[main][0;39m [34mINFO [0;39m [1;35mc.z.h.HikariDataSource[0;39m - (HikariPool-1 - Start completed.
[36m2024-11-14 17:17:37[0;39m [32m[main][0;39m [34mINFO [0;39m [1;35mc.z.h.HikariDataSource[0;39m - (HikariPool-1 - Shutdown initiated...
[36m2024-11-14 17:17:37[0;39m [32m[main][0;39m [34mINFO [0;39m [1;35mc.z.h.HikariDataSource[0;39m - (HikariPool-1 - Shutdown completed.
[36m2024-11-14 17:17:37[0;39m [32m[main][0;39m [34mINFO [0;39m [1;35mo.a.c.c.StandardService[0;39m - (Stopping service [Tomcat]
[36m2024-11-14 17:18:36[0;39m [32m[main][0;39m [34mINFO [0;39m [1;35mc.g.GanmaApplication[0;39m - (Starting GanmaApplication using Java 17.0.12 with PID 1160 (C:\Users\User\Desktop\ganma\target\classes started by User in C:\Users\User\Desktop\ganma)
[36m2024-11-14 17:18:36[0;39m [32m[main][0;39m [34mINFO [0;39m [1;35mc.g.GanmaApplication[0;39m - (No active profile set, falling back to 1 default profile: "default"
[36m2024-11-14 17:18:39[0;39m [32m[main][0;39m [34mINFO [0;39m [1;35mo.a.c.h.Http11NioProtocol[0;39m - (Initializing ProtocolHandler ["http-nio-8081"]
[36m2024-11-14 17:18:39[0;39m [32m[main][0;39m [34mINFO [0;39m [1;35mo.a.c.c.StandardService[0;39m - (Starting service [Tomcat]
[36m2024-11-14 17:18:39[0;39m [32m[main][0;39m [34mINFO [0;39m [1;35mo.a.c.c.StandardEngine[0;39m - (Starting Servlet engine: [Apache Tomcat/10.1.19]
[36m2024-11-14 17:18:39[0;39m [32m[main][0;39m [34mINFO [0;39m [1;35mo.a.c.c.C.[.[.[/][0;39m - (Initializing Spring embedded WebApplicationContext
[36m2024-11-14 17:18:40[0;39m [32m[main][0;39m [34mINFO [0;39m [1;35mc.z.h.HikariDataSource[0;39m - (HikariPool-1 - Starting...
[36m2024-11-14 17:18:41[0;39m [32m[main][0;39m [34mINFO [0;39m [1;35mc.z.h.p.HikariPool[0;39m - (HikariPool-1 - Added connection com.mysql.cj.jdbc.ConnectionImpl@4ad896f7
[36m2024-11-14 17:18:41[0;39m [32m[main][0;39m [34mINFO [0;39m [1;35mc.z.h.HikariDataSource[0;39m - (HikariPool-1 - Start completed.
[36m2024-11-14 17:18:41[0;39m [32m[main][0;39m [34mINFO [0;39m [1;35mc.z.h.HikariDataSource[0;39m - (HikariPool-1 - Shutdown initiated...
[36m2024-11-14 17:18:41[0;39m [32m[main][0;39m [34mINFO [0;39m [1;35mc.z.h.HikariDataSource[0;39m - (HikariPool-1 - Shutdown completed.
[36m2024-11-14 17:18:41[0;39m [32m[main][0;39m [34mINFO [0;39m [1;35mo.a.c.c.StandardService[0;39m - (Stopping service [Tomcat]
[36m2024-11-14 17:20:38[0;39m [32m[main][0;39m [34mINFO [0;39m [1;35mc.g.GanmaApplication[0;39m - (Starting GanmaApplication using Java 17.0.12 with PID 17180 (C:\Users\User\Desktop\ganma\target\classes started by User in C:\Users\User\Desktop\ganma)
[36m2024-11-14 17:20:38[0;39m [32m[main][0;39m [34mINFO [0;39m [1;35mc.g.GanmaApplication[0;39m - (No active profile set, falling back to 1 default profile: "default"
[36m2024-11-14 17:20:42[0;39m [32m[main][0;39m [34mINFO [0;39m [1;35mo.a.c.h.Http11NioProtocol[0;39m - (Initializing ProtocolHandler ["http-nio-8081"]
[36m2024-11-14 17:20:42[0;39m [32m[main][0;39m [34mINFO [0;39m [1;35mo.a.c.c.StandardService[0;39m - (Starting service [Tomcat]
[36m2024-11-14 17:20:42[0;39m [32m[main][0;39m [34mINFO [0;39m [1;35mo.a.c.c.StandardEngine[0;39m - (Starting Servlet engine: [Apache Tomcat/10.1.19]
[36m2024-11-14 17:20:42[0;39m [32m[main][0;39m [34mINFO [0;39m [1;35mo.a.c.c.C.[.[.[/][0;39m - (Initializing Spring embedded WebApplicationContext
[36m2024-11-14 17:20:43[0;39m [32m[main][0;39m [34mINFO [0;39m [1;35mc.z.h.HikariDataSource[0;39m - (HikariPool-1 - Starting...
[36m2024-11-14 17:20:43[0;39m [32m[main][0;39m [34mINFO [0;39m [1;35mc.z.h.p.HikariPool[0;39m - (HikariPool-1 - Added connection com.mysql.cj.jdbc.ConnectionImpl@c318864
[36m2024-11-14 17:20:43[0;39m [32m[main][0;39m [34mINFO [0;39m [1;35mc.z.h.HikariDataSource[0;39m - (HikariPool-1 - Start completed.
[36m2024-11-14 17:20:43[0;39m [32m[main][0;39m [34mINFO [0;39m [1;35mc.z.h.HikariDataSource[0;39m - (HikariPool-1 - Shutdown initiated...
[36m2024-11-14 17:20:43[0;39m [32m[main][0;39m [34mINFO [0;39m [1;35mc.z.h.HikariDataSource[0;39m - (HikariPool-1 - Shutdown completed.
[36m2024-11-14 17:20:43[0;39m [32m[main][0;39m [34mINFO [0;39m [1;35mo.a.c.c.StandardService[0;39m - (Stopping service [Tomcat]
[36m2024-11-14 17:21:28[0;39m [32m[main][0;39m [34mINFO [0;39m [1;35mc.g.GanmaApplication[0;39m - (Starting GanmaApplication using Java 17.0.12 with PID 14908 (C:\Users\User\Desktop\ganma\target\classes started by User in C:\Users\User\Desktop\ganma)
[36m2024-11-14 17:21:28[0;39m [32m[main][0;39m [34mINFO [0;39m [1;35mc.g.GanmaApplication[0;39m - (No active profile set, falling back to 1 default profile: "default"
[36m2024-11-14 17:21:31[0;39m [32m[main][0;39m [34mINFO [0;39m [1;35mo.a.c.h.Http11NioProtocol[0;39m - (Initializing ProtocolHandler ["http-nio-8081"]
[36m2024-11-14 17:21:31[0;39m [32m[main][0;39m [34mINFO [0;39m [1;35mo.a.c.c.StandardService[0;39m - (Starting service [Tomcat]
[36m2024-11-14 17:21:31[0;39m [32m[main][0;39m [34mINFO [0;39m [1;35mo.a.c.c.StandardEngine[0;39m - (Starting Servlet engine: [Apache Tomcat/10.1.19]
[36m2024-11-14 17:21:31[0;39m [32m[main][0;39m [34mINFO [0;39m [1;35mo.a.c.c.C.[.[.[/][0;39m - (Initializing Spring embedded WebApplicationContext
[36m2024-11-14 17:21:32[0;39m [32m[main][0;39m [34mINFO [0;39m [1;35mc.z.h.HikariDataSource[0;39m - (HikariPool-1 - Starting...
[36m2024-11-14 17:21:32[0;39m [32m[main][0;39m [34mINFO [0;39m [1;35mc.z.h.p.HikariPool[0;39m - (HikariPool-1 - Added connection com.mysql.cj.jdbc.ConnectionImpl@4beae1e3
[36m2024-11-14 17:21:32[0;39m [32m[main][0;39m [34mINFO [0;39m [1;35mc.z.h.HikariDataSource[0;39m - (HikariPool-1 - Start completed.
[36m2024-11-14 17:21:32[0;39m [32m[main][0;39m [34mINFO [0;39m [1;35mc.z.h.HikariDataSource[0;39m - (HikariPool-1 - Shutdown initiated...
[36m2024-11-14 17:21:32[0;39m [32m[main][0;39m [34mINFO [0;39m [1;35mc.z.h.HikariDataSource[0;39m - (HikariPool-1 - Shutdown completed.
[36m2024-11-14 17:21:33[0;39m [32m[main][0;39m [34mINFO [0;39m [1;35mo.a.c.c.StandardService[0;39m - (Stopping service [Tomcat]
[36m2024-11-14 17:21:59[0;39m [32m[main][0;39m [34mINFO [0;39m [1;35mc.g.GanmaApplication[0;39m - (Starting GanmaApplication using Java 17.0.12 with PID 8148 (C:\Users\User\Desktop\ganma\target\classes started by User in C:\Users\User\Desktop\ganma)
[36m2024-11-14 17:21:59[0;39m [32m[main][0;39m [34mINFO [0;39m [1;35mc.g.GanmaApplication[0;39m - (No active profile set, falling back to 1 default profile: "default"
[36m2024-11-14 17:22:03[0;39m [32m[main][0;39m [34mINFO [0;39m [1;35mo.a.c.h.Http11NioProtocol[0;39m - (Initializing ProtocolHandler ["http-nio-8081"]
[36m2024-11-14 17:22:03[0;39m [32m[main][0;39m [34mINFO [0;39m [1;35mo.a.c.c.StandardService[0;39m - (Starting service [Tomcat]
[36m2024-11-14 17:22:03[0;39m [32m[main][0;39m [34mINFO [0;39m [1;35mo.a.c.c.StandardEngine[0;39m - (Starting Servlet engine: [Apache Tomcat/10.1.19]
[36m2024-11-14 17:22:03[0;39m [32m[main][0;39m [34mINFO [0;39m [1;35mo.a.c.c.C.[.[.[/][0;39m - (Initializing Spring embedded WebApplicationContext
[36m2024-11-14 17:22:04[0;39m [32m[main][0;39m [34mINFO [0;39m [1;35mc.z.h.HikariDataSource[0;39m - (HikariPool-1 - Starting...
[36m2024-11-14 17:22:04[0;39m [32m[main][0;39m [34mINFO [0;39m [1;35mc.z.h.p.HikariPool[0;39m - (HikariPool-1 - Added connection com.mysql.cj.jdbc.ConnectionImpl@c318864
[36m2024-11-14 17:22:04[0;39m [32m[main][0;39m [34mINFO [0;39m [1;35mc.z.h.HikariDataSource[0;39m - (HikariPool-1 - Start completed.
[36m2024-11-14 17:22:07[0;39m [32m[main][0;39m [34mINFO [0;39m [1;35mo.a.c.h.Http11NioProtocol[0;39m - (Starting ProtocolHandler ["http-nio-8081"]
[36m2024-11-14 17:22:07[0;39m [32m[main][0;39m [34mINFO [0;39m [1;35mc.g.GanmaApplication[0;39m - (Started GanmaApplication in 8.274 seconds (process running for 9.378)
[36m2024-11-14 17:22:15[0;39m [32m[http-nio-8081-exec-1][0;39m [34mINFO [0;39m [1;35mo.a.c.c.C.[.[.[/][0;39m - (Initializing Spring DispatcherServlet 'dispatcherServlet'
[36m2024-11-14 17:36:56[0;39m [32m[SpringApplicationShutdownHook][0;39m [34mINFO [0;39m [1;35mc.z.h.HikariDataSource[0;39m - (HikariPool-1 - Shutdown initiated...
[36m2024-11-14 17:36:56[0;39m [32m[SpringApplicationShutdownHook][0;39m [34mINFO [0;39m [1;35mc.z.h.HikariDataSource[0;39m - (HikariPool-1 - Shutdown completed.
[36m2024-11-14 17:37:03[0;39m [32m[main][0;39m [34mINFO [0;39m [1;35mc.g.GanmaApplication[0;39m - (Starting GanmaApplication using Java 17.0.12 with PID 2788 (C:\Users\User\Desktop\ganma\target\classes started by User in C:\Users\User\Desktop\ganma)
[36m2024-11-14 17:37:03[0;39m [32m[main][0;39m [34mINFO [0;39m [1;35mc.g.GanmaApplication[0;39m - (No active profile set, falling back to 1 default profile: "default"
[36m2024-11-14 17:37:07[0;39m [32m[main][0;39m [34mINFO [0;39m [1;35mo.a.c.h.Http11NioProtocol[0;39m - (Initializing ProtocolHandler ["http-nio-8081"]
[36m2024-11-14 17:37:07[0;39m [32m[main][0;39m [34mINFO [0;39m [1;35mo.a.c.c.StandardService[0;39m - (Starting service [Tomcat]
[36m2024-11-14 17:37:07[0;39m [32m[main][0;39m [34mINFO [0;39m [1;35mo.a.c.c.StandardEngine[0;39m - (Starting Servlet engine: [Apache Tomcat/10.1.19]
[36m2024-11-14 17:37:07[0;39m [32m[main][0;39m [34mINFO [0;39m [1;35mo.a.c.c.C.[.[.[/][0;39m - (Initializing Spring embedded WebApplicationContext
[36m2024-11-14 17:37:09[0;39m [32m[main][0;39m [34mINFO [0;39m [1;35mc.z.h.HikariDataSource[0;39m - (HikariPool-1 - Starting...
[36m2024-11-14 17:37:09[0;39m [32m[main][0;39m [34mINFO [0;39m [1;35mc.z.h.p.HikariPool[0;39m - (HikariPool-1 - Added connection com.mysql.cj.jdbc.ConnectionImpl@4beae1e3
[36m2024-11-14 17:37:09[0;39m [32m[main][0;39m [34mINFO [0;39m [1;35mc.z.h.HikariDataSource[0;39m - (HikariPool-1 - Start completed.
[36m2024-11-14 17:37:12[0;39m [32m[main][0;39m [34mINFO [0;39m [1;35mo.a.c.h.Http11NioProtocol[0;39m - (Starting ProtocolHandler ["http-nio-8081"]
[36m2024-11-14 17:37:12[0;39m [32m[main][0;39m [34mINFO [0;39m [1;35mc.g.GanmaApplication[0;39m - (Started GanmaApplication in 9.416 seconds (process running for 10.905)
[36m2024-11-14 17:37:44[0;39m [32m[http-nio-8081-exec-2][0;39m [34mINFO [0;39m [1;35mo.a.c.c.C.[.[.[/][0;39m - (Initializing Spring DispatcherServlet 'dispatcherServlet'
[36m2024-11-14 18:06:36[0;39m [32m[SpringApplicationShutdownHook][0;39m [34mINFO [0;39m [1;35mc.z.h.HikariDataSource[0;39m - (HikariPool-1 - Shutdown initiated...
[36m2024-11-14 18:06:36[0;39m [32m[SpringApplicationShutdownHook][0;39m [34mINFO [0;39m [1;35mc.z.h.HikariDataSource[0;39m - (HikariPool-1 - Shutdown completed.
[36m2024-11-14 20:55:06[0;39m [32m[main][0;39m [34mINFO [0;39m [1;35mc.g.GanmaApplication[0;39m - (Starting GanmaApplication using Java 17.0.12 with PID 2116 (C:\Users\User\Desktop\ganma\target\classes started by User in C:\Users\User\Desktop\ganma)
[36m2024-11-14 20:55:06[0;39m [32m[main][0;39m [34mINFO [0;39m [1;35mc.g.GanmaApplication[0;39m - (No active profile set, falling back to 1 default profile: "default"
[36m2024-11-14 20:55:11[0;39m [32m[main][0;39m [34mINFO [0;39m [1;35mo.a.c.h.Http11NioProtocol[0;39m - (Initializing ProtocolHandler ["http-nio-8081"]
[36m2024-11-14 20:55:11[0;39m [32m[main][0;39m [34mINFO [0;39m [1;35mo.a.c.c.StandardService[0;39m - (Starting service [Tomcat]
[36m2024-11-14 20:55:11[0;39m [32m[main][0;39m [34mINFO [0;39m [1;35mo.a.c.c.StandardEngine[0;39m - (Starting Servlet engine: [Apache Tomcat/10.1.19]
[36m2024-11-14 20:55:11[0;39m [32m[main][0;39m [34mINFO [0;39m [1;35mo.a.c.c.C.[.[.[/][0;39m - (Initializing Spring embedded WebApplicationContext
[36m2024-11-14 20:55:13[0;39m [32m[main][0;39m [34mINFO [0;39m [1;35mc.z.h.HikariDataSource[0;39m - (HikariPool-1 - Starting...
[36m2024-11-14 20:55:14[0;39m [32m[main][0;39m [34mINFO [0;39m [1;35mc.z.h.p.HikariPool[0;39m - (HikariPool-1 - Added connection com.mysql.cj.jdbc.ConnectionImpl@7d61468c
[36m2024-11-14 20:55:14[0;39m [32m[main][0;39m [34mINFO [0;39m [1;35mc.z.h.HikariDataSource[0;39m - (HikariPool-1 - Start completed.
[36m2024-11-14 20:55:14[0;39m [32m[main][0;39m [34mINFO [0;39m [1;35mc.z.h.HikariDataSource[0;39m - (HikariPool-1 - Shutdown initiated...
[36m2024-11-14 20:55:14[0;39m [32m[main][0;39m [34mINFO [0;39m [1;35mc.z.h.HikariDataSource[0;39m - (HikariPool-1 - Shutdown completed.
[36m2024-11-14 20:55:14[0;39m [32m[main][0;39m [34mINFO [0;39m [1;35mo.a.c.c.StandardService[0;39m - (Stopping service [Tomcat]
