[36m2024-11-12 10:25:12[0;39m [32m[main][0;39m [34mINFO [0;39m [1;35mc.g.GanmaApplication[0;39m - (Starting GanmaApplication using Java 17.0.12 with PID 18588 (C:\Users\User\Desktop\ganma\target\classes started by User in C:\Users\User\Desktop\ganma)
[36m2024-11-12 10:25:12[0;39m [32m[main][0;39m [34mINFO [0;39m [1;35mc.g.GanmaApplication[0;39m - (No active profile set, falling back to 1 default profile: "default"
[36m2024-11-12 10:25:17[0;39m [32m[main][0;39m [34mINFO [0;39m [1;35mo.a.c.h.Http11NioProtocol[0;39m - (Initializing ProtocolHandler ["http-nio-8081"]
[36m2024-11-12 10:25:17[0;39m [32m[main][0;39m [34mINFO [0;39m [1;35mo.a.c.c.StandardService[0;39m - (Starting service [Tomcat]
[36m2024-11-12 10:25:17[0;39m [32m[main][0;39m [34mINFO [0;39m [1;35mo.a.c.c.StandardEngine[0;39m - (Starting Servlet engine: [Apache Tomcat/10.1.19]
[36m2024-11-12 10:25:17[0;39m [32m[main][0;39m [34mINFO [0;39m [1;35mo.a.c.c.C.[.[.[/][0;39m - (Initializing Spring embedded WebApplicationContext
[36m2024-11-12 10:25:18[0;39m [32m[main][0;39m [34mINFO [0;39m [1;35mc.z.h.HikariDataSource[0;39m - (HikariPool-1 - Starting...
[36m2024-11-12 10:25:19[0;39m [32m[main][0;39m [34mINFO [0;39m [1;35mc.z.h.p.HikariPool[0;39m - (HikariPool-1 - Added connection com.mysql.cj.jdbc.ConnectionImpl@26a45089
[36m2024-11-12 10:25:19[0;39m [32m[main][0;39m [34mINFO [0;39m [1;35mc.z.h.HikariDataSource[0;39m - (HikariPool-1 - Start completed.
[36m2024-11-12 10:25:22[0;39m [32m[main][0;39m [34mINFO [0;39m [1;35mo.a.c.h.Http11NioProtocol[0;39m - (Starting ProtocolHandler ["http-nio-8081"]
[36m2024-11-12 10:25:22[0;39m [32m[main][0;39m [34mINFO [0;39m [1;35mc.g.GanmaApplication[0;39m - (Started GanmaApplication in 10.878 seconds (process running for 16.384)
[36m2024-11-12 10:25:33[0;39m [32m[http-nio-8081-exec-1][0;39m [34mINFO [0;39m [1;35mo.a.c.c.C.[.[.[/][0;39m - (Initializing Spring DispatcherServlet 'dispatcherServlet'
[36m2024-11-12 10:29:18[0;39m [32m[SpringApplicationShutdownHook][0;39m [34mINFO [0;39m [1;35mc.z.h.HikariDataSource[0;39m - (HikariPool-1 - Shutdown initiated...
[36m2024-11-12 10:29:18[0;39m [32m[SpringApplicationShutdownHook][0;39m [34mINFO [0;39m [1;35mc.z.h.HikariDataSource[0;39m - (HikariPool-1 - Shutdown completed.
[36m2024-11-12 10:29:25[0;39m [32m[main][0;39m [34mINFO [0;39m [1;35mc.g.GanmaApplication[0;39m - (Starting GanmaApplication using Java 17.0.12 with PID 19960 (C:\Users\User\Desktop\ganma\target\classes started by User in C:\Users\User\Desktop\ganma)
[36m2024-11-12 10:29:25[0;39m [32m[main][0;39m [34mINFO [0;39m [1;35mc.g.GanmaApplication[0;39m - (No active profile set, falling back to 1 default profile: "default"
[36m2024-11-12 10:29:29[0;39m [32m[main][0;39m [34mINFO [0;39m [1;35mo.a.c.h.Http11NioProtocol[0;39m - (Initializing ProtocolHandler ["http-nio-8081"]
[36m2024-11-12 10:29:29[0;39m [32m[main][0;39m [34mINFO [0;39m [1;35mo.a.c.c.StandardService[0;39m - (Starting service [Tomcat]
[36m2024-11-12 10:29:29[0;39m [32m[main][0;39m [34mINFO [0;39m [1;35mo.a.c.c.StandardEngine[0;39m - (Starting Servlet engine: [Apache Tomcat/10.1.19]
[36m2024-11-12 10:29:29[0;39m [32m[main][0;39m [34mINFO [0;39m [1;35mo.a.c.c.C.[.[.[/][0;39m - (Initializing Spring embedded WebApplicationContext
[36m2024-11-12 10:29:30[0;39m [32m[main][0;39m [34mINFO [0;39m [1;35mc.z.h.HikariDataSource[0;39m - (HikariPool-1 - Starting...
[36m2024-11-12 10:29:31[0;39m [32m[main][0;39m [34mINFO [0;39m [1;35mc.z.h.p.HikariPool[0;39m - (HikariPool-1 - Added connection com.mysql.cj.jdbc.ConnectionImpl@eded048
[36m2024-11-12 10:29:31[0;39m [32m[main][0;39m [34mINFO [0;39m [1;35mc.z.h.HikariDataSource[0;39m - (HikariPool-1 - Start completed.
[36m2024-11-12 10:29:34[0;39m [32m[main][0;39m [34mINFO [0;39m [1;35mo.a.c.h.Http11NioProtocol[0;39m - (Starting ProtocolHandler ["http-nio-8081"]
[36m2024-11-12 10:29:34[0;39m [32m[main][0;39m [34mINFO [0;39m [1;35mc.g.GanmaApplication[0;39m - (Started GanmaApplication in 9.445 seconds (process running for 10.726)
[36m2024-11-12 10:29:38[0;39m [32m[http-nio-8081-exec-1][0;39m [34mINFO [0;39m [1;35mo.a.c.c.C.[.[.[/][0;39m - (Initializing Spring DispatcherServlet 'dispatcherServlet'
[36m2024-11-12 10:36:06[0;39m [32m[SpringApplicationShutdownHook][0;39m [34mINFO [0;39m [1;35mc.z.h.HikariDataSource[0;39m - (HikariPool-1 - Shutdown initiated...
[36m2024-11-12 10:36:06[0;39m [32m[SpringApplicationShutdownHook][0;39m [34mINFO [0;39m [1;35mc.z.h.HikariDataSource[0;39m - (HikariPool-1 - Shutdown completed.
[36m2024-11-12 10:42:26[0;39m [32m[main][0;39m [34mINFO [0;39m [1;35mc.g.GanmaApplication[0;39m - (Starting GanmaApplication using Java 17.0.12 with PID 12088 (C:\Users\User\Desktop\ganma\target\classes started by User in C:\Users\User\Desktop\ganma)
[36m2024-11-12 10:42:26[0;39m [32m[main][0;39m [34mINFO [0;39m [1;35mc.g.GanmaApplication[0;39m - (No active profile set, falling back to 1 default profile: "default"
[36m2024-11-12 10:42:31[0;39m [32m[main][0;39m [34mINFO [0;39m [1;35mo.a.c.h.Http11NioProtocol[0;39m - (Initializing ProtocolHandler ["http-nio-8081"]
[36m2024-11-12 10:42:31[0;39m [32m[main][0;39m [34mINFO [0;39m [1;35mo.a.c.c.StandardService[0;39m - (Starting service [Tomcat]
[36m2024-11-12 10:42:31[0;39m [32m[main][0;39m [34mINFO [0;39m [1;35mo.a.c.c.StandardEngine[0;39m - (Starting Servlet engine: [Apache Tomcat/10.1.19]
[36m2024-11-12 10:42:31[0;39m [32m[main][0;39m [34mINFO [0;39m [1;35mo.a.c.c.C.[.[.[/][0;39m - (Initializing Spring embedded WebApplicationContext
[36m2024-11-12 10:42:33[0;39m [32m[main][0;39m [34mINFO [0;39m [1;35mc.z.h.HikariDataSource[0;39m - (HikariPool-1 - Starting...
[36m2024-11-12 10:42:33[0;39m [32m[main][0;39m [34mINFO [0;39m [1;35mc.z.h.p.HikariPool[0;39m - (HikariPool-1 - Added connection com.mysql.cj.jdbc.ConnectionImpl@5408d4b3
[36m2024-11-12 10:42:33[0;39m [32m[main][0;39m [34mINFO [0;39m [1;35mc.z.h.HikariDataSource[0;39m - (HikariPool-1 - Start completed.
[36m2024-11-12 10:42:37[0;39m [32m[main][0;39m [34mINFO [0;39m [1;35mo.a.c.h.Http11NioProtocol[0;39m - (Starting ProtocolHandler ["http-nio-8081"]
[36m2024-11-12 10:42:37[0;39m [32m[main][0;39m [34mINFO [0;39m [1;35mc.g.GanmaApplication[0;39m - (Started GanmaApplication in 11.521 seconds (process running for 12.848)
[36m2024-11-12 10:42:48[0;39m [32m[http-nio-8081-exec-1][0;39m [34mINFO [0;39m [1;35mo.a.c.c.C.[.[.[/][0;39m - (Initializing Spring DispatcherServlet 'dispatcherServlet'
[36m2024-11-12 10:45:06[0;39m [32m[SpringApplicationShutdownHook][0;39m [34mINFO [0;39m [1;35mc.z.h.HikariDataSource[0;39m - (HikariPool-1 - Shutdown initiated...
[36m2024-11-12 10:45:06[0;39m [32m[SpringApplicationShutdownHook][0;39m [34mINFO [0;39m [1;35mc.z.h.HikariDataSource[0;39m - (HikariPool-1 - Shutdown completed.
[36m2024-11-12 10:45:10[0;39m [32m[main][0;39m [34mINFO [0;39m [1;35mc.g.GanmaApplication[0;39m - (Starting GanmaApplication using Java 17.0.12 with PID 9292 (C:\Users\User\Desktop\ganma\target\classes started by User in C:\Users\User\Desktop\ganma)
[36m2024-11-12 10:45:10[0;39m [32m[main][0;39m [34mINFO [0;39m [1;35mc.g.GanmaApplication[0;39m - (No active profile set, falling back to 1 default profile: "default"
[36m2024-11-12 10:45:15[0;39m [32m[main][0;39m [34mINFO [0;39m [1;35mo.a.c.h.Http11NioProtocol[0;39m - (Initializing ProtocolHandler ["http-nio-8081"]
[36m2024-11-12 10:45:15[0;39m [32m[main][0;39m [34mINFO [0;39m [1;35mo.a.c.c.StandardService[0;39m - (Starting service [Tomcat]
[36m2024-11-12 10:45:15[0;39m [32m[main][0;39m [34mINFO [0;39m [1;35mo.a.c.c.StandardEngine[0;39m - (Starting Servlet engine: [Apache Tomcat/10.1.19]
[36m2024-11-12 10:45:15[0;39m [32m[main][0;39m [34mINFO [0;39m [1;35mo.a.c.c.C.[.[.[/][0;39m - (Initializing Spring embedded WebApplicationContext
[36m2024-11-12 10:45:16[0;39m [32m[main][0;39m [34mINFO [0;39m [1;35mc.z.h.HikariDataSource[0;39m - (HikariPool-1 - Starting...
[36m2024-11-12 10:45:16[0;39m [32m[main][0;39m [34mINFO [0;39m [1;35mc.z.h.p.HikariPool[0;39m - (HikariPool-1 - Added connection com.mysql.cj.jdbc.ConnectionImpl@4ad896f7
[36m2024-11-12 10:45:16[0;39m [32m[main][0;39m [34mINFO [0;39m [1;35mc.z.h.HikariDataSource[0;39m - (HikariPool-1 - Start completed.
[36m2024-11-12 10:45:20[0;39m [32m[main][0;39m [34mINFO [0;39m [1;35mo.a.c.h.Http11NioProtocol[0;39m - (Starting ProtocolHandler ["http-nio-8081"]
[36m2024-11-12 10:45:20[0;39m [32m[main][0;39m [34mINFO [0;39m [1;35mc.g.GanmaApplication[0;39m - (Started GanmaApplication in 10.721 seconds (process running for 12.059)
[36m2024-11-12 10:45:29[0;39m [32m[http-nio-8081-exec-1][0;39m [34mINFO [0;39m [1;35mo.a.c.c.C.[.[.[/][0;39m - (Initializing Spring DispatcherServlet 'dispatcherServlet'
[36m2024-11-12 10:47:21[0;39m [32m[SpringApplicationShutdownHook][0;39m [34mINFO [0;39m [1;35mc.z.h.HikariDataSource[0;39m - (HikariPool-1 - Shutdown initiated...
[36m2024-11-12 10:47:21[0;39m [32m[SpringApplicationShutdownHook][0;39m [34mINFO [0;39m [1;35mc.z.h.HikariDataSource[0;39m - (HikariPool-1 - Shutdown completed.
[36m2024-11-12 10:47:25[0;39m [32m[main][0;39m [34mINFO [0;39m [1;35mc.g.GanmaApplication[0;39m - (Starting GanmaApplication using Java 17.0.12 with PID 2504 (C:\Users\User\Desktop\ganma\target\classes started by User in C:\Users\User\Desktop\ganma)
[36m2024-11-12 10:47:25[0;39m [32m[main][0;39m [34mINFO [0;39m [1;35mc.g.GanmaApplication[0;39m - (No active profile set, falling back to 1 default profile: "default"
[36m2024-11-12 10:47:31[0;39m [32m[main][0;39m [34mINFO [0;39m [1;35mo.a.c.h.Http11NioProtocol[0;39m - (Initializing ProtocolHandler ["http-nio-8081"]
[36m2024-11-12 10:47:31[0;39m [32m[main][0;39m [34mINFO [0;39m [1;35mo.a.c.c.StandardService[0;39m - (Starting service [Tomcat]
[36m2024-11-12 10:47:31[0;39m [32m[main][0;39m [34mINFO [0;39m [1;35mo.a.c.c.StandardEngine[0;39m - (Starting Servlet engine: [Apache Tomcat/10.1.19]
[36m2024-11-12 10:47:31[0;39m [32m[main][0;39m [34mINFO [0;39m [1;35mo.a.c.c.C.[.[.[/][0;39m - (Initializing Spring embedded WebApplicationContext
[36m2024-11-12 10:47:33[0;39m [32m[main][0;39m [34mINFO [0;39m [1;35mc.z.h.HikariDataSource[0;39m - (HikariPool-1 - Starting...
[36m2024-11-12 10:47:34[0;39m [32m[main][0;39m [34mINFO [0;39m [1;35mc.z.h.p.HikariPool[0;39m - (HikariPool-1 - Added connection com.mysql.cj.jdbc.ConnectionImpl@7d61468c
[36m2024-11-12 10:47:34[0;39m [32m[main][0;39m [34mINFO [0;39m [1;35mc.z.h.HikariDataSource[0;39m - (HikariPool-1 - Start completed.
[36m2024-11-12 10:47:37[0;39m [32m[main][0;39m [34mINFO [0;39m [1;35mo.a.c.h.Http11NioProtocol[0;39m - (Starting ProtocolHandler ["http-nio-8081"]
[36m2024-11-12 10:47:38[0;39m [32m[main][0;39m [34mINFO [0;39m [1;35mc.g.GanmaApplication[0;39m - (Started GanmaApplication in 12.895 seconds (process running for 14.119)
[36m2024-11-12 10:47:38[0;39m [32m[http-nio-8081-exec-1][0;39m [34mINFO [0;39m [1;35mo.a.c.c.C.[.[.[/][0;39m - (Initializing Spring DispatcherServlet 'dispatcherServlet'
[36m2024-11-12 10:51:14[0;39m [32m[SpringApplicationShutdownHook][0;39m [34mINFO [0;39m [1;35mc.z.h.HikariDataSource[0;39m - (HikariPool-1 - Shutdown initiated...
[36m2024-11-12 10:51:14[0;39m [32m[SpringApplicationShutdownHook][0;39m [34mINFO [0;39m [1;35mc.z.h.HikariDataSource[0;39m - (HikariPool-1 - Shutdown completed.
[36m2024-11-12 10:51:19[0;39m [32m[main][0;39m [34mINFO [0;39m [1;35mc.g.GanmaApplication[0;39m - (Starting GanmaApplication using Java 17.0.12 with PID 19504 (C:\Users\User\Desktop\ganma\target\classes started by User in C:\Users\User\Desktop\ganma)
[36m2024-11-12 10:51:19[0;39m [32m[main][0;39m [34mINFO [0;39m [1;35mc.g.GanmaApplication[0;39m - (No active profile set, falling back to 1 default profile: "default"
[36m2024-11-12 10:51:23[0;39m [32m[main][0;39m [34mINFO [0;39m [1;35mo.a.c.h.Http11NioProtocol[0;39m - (Initializing ProtocolHandler ["http-nio-8081"]
[36m2024-11-12 10:51:23[0;39m [32m[main][0;39m [34mINFO [0;39m [1;35mo.a.c.c.StandardService[0;39m - (Starting service [Tomcat]
[36m2024-11-12 10:51:23[0;39m [32m[main][0;39m [34mINFO [0;39m [1;35mo.a.c.c.StandardEngine[0;39m - (Starting Servlet engine: [Apache Tomcat/10.1.19]
[36m2024-11-12 10:51:23[0;39m [32m[main][0;39m [34mINFO [0;39m [1;35mo.a.c.c.C.[.[.[/][0;39m - (Initializing Spring embedded WebApplicationContext
[36m2024-11-12 10:51:25[0;39m [32m[main][0;39m [34mINFO [0;39m [1;35mc.z.h.HikariDataSource[0;39m - (HikariPool-1 - Starting...
[36m2024-11-12 10:51:25[0;39m [32m[main][0;39m [34mINFO [0;39m [1;35mc.z.h.p.HikariPool[0;39m - (HikariPool-1 - Added connection com.mysql.cj.jdbc.ConnectionImpl@4b98225c
[36m2024-11-12 10:51:25[0;39m [32m[main][0;39m [34mINFO [0;39m [1;35mc.z.h.HikariDataSource[0;39m - (HikariPool-1 - Start completed.
[36m2024-11-12 10:51:28[0;39m [32m[main][0;39m [34mINFO [0;39m [1;35mo.a.c.h.Http11NioProtocol[0;39m - (Starting ProtocolHandler ["http-nio-8081"]
[36m2024-11-12 10:51:28[0;39m [32m[main][0;39m [34mINFO [0;39m [1;35mc.g.GanmaApplication[0;39m - (Started GanmaApplication in 10.88 seconds (process running for 12.093)
[36m2024-11-12 10:51:29[0;39m [32m[http-nio-8081-exec-1][0;39m [34mINFO [0;39m [1;35mo.a.c.c.C.[.[.[/][0;39m - (Initializing Spring DispatcherServlet 'dispatcherServlet'
[36m2024-11-12 10:55:04[0;39m [32m[SpringApplicationShutdownHook][0;39m [34mINFO [0;39m [1;35mc.z.h.HikariDataSource[0;39m - (HikariPool-1 - Shutdown initiated...
[36m2024-11-12 10:55:04[0;39m [32m[SpringApplicationShutdownHook][0;39m [34mINFO [0;39m [1;35mc.z.h.HikariDataSource[0;39m - (HikariPool-1 - Shutdown completed.
[36m2024-11-12 10:55:09[0;39m [32m[main][0;39m [34mINFO [0;39m [1;35mc.g.GanmaApplication[0;39m - (Starting GanmaApplication using Java 17.0.12 with PID 8528 (C:\Users\User\Desktop\ganma\target\classes started by User in C:\Users\User\Desktop\ganma)
[36m2024-11-12 10:55:09[0;39m [32m[main][0;39m [34mINFO [0;39m [1;35mc.g.GanmaApplication[0;39m - (No active profile set, falling back to 1 default profile: "default"
[36m2024-11-12 10:55:13[0;39m [32m[main][0;39m [34mINFO [0;39m [1;35mo.a.c.h.Http11NioProtocol[0;39m - (Initializing ProtocolHandler ["http-nio-8081"]
[36m2024-11-12 10:55:13[0;39m [32m[main][0;39m [34mINFO [0;39m [1;35mo.a.c.c.StandardService[0;39m - (Starting service [Tomcat]
[36m2024-11-12 10:55:13[0;39m [32m[main][0;39m [34mINFO [0;39m [1;35mo.a.c.c.StandardEngine[0;39m - (Starting Servlet engine: [Apache Tomcat/10.1.19]
[36m2024-11-12 10:55:14[0;39m [32m[main][0;39m [34mINFO [0;39m [1;35mo.a.c.c.C.[.[.[/][0;39m - (Initializing Spring embedded WebApplicationContext
[36m2024-11-12 10:55:16[0;39m [32m[main][0;39m [34mINFO [0;39m [1;35mc.z.h.HikariDataSource[0;39m - (HikariPool-1 - Starting...
[36m2024-11-12 10:55:16[0;39m [32m[main][0;39m [34mINFO [0;39m [1;35mc.z.h.p.HikariPool[0;39m - (HikariPool-1 - Added connection com.mysql.cj.jdbc.ConnectionImpl@c318864
[36m2024-11-12 10:55:16[0;39m [32m[main][0;39m [34mINFO [0;39m [1;35mc.z.h.HikariDataSource[0;39m - (HikariPool-1 - Start completed.
[36m2024-11-12 10:55:19[0;39m [32m[main][0;39m [34mINFO [0;39m [1;35mc.g.GanmaApplication[0;39m - (Started GanmaApplication in 11.786 seconds (process running for 13.088)
[36m2024-11-12 10:55:19[0;39m [32m[SpringApplicationShutdownHook][0;39m [34mINFO [0;39m [1;35mc.z.h.HikariDataSource[0;39m - (HikariPool-1 - Shutdown initiated...
[36m2024-11-12 10:55:19[0;39m [32m[SpringApplicationShutdownHook][0;39m [34mINFO [0;39m [1;35mc.z.h.HikariDataSource[0;39m - (HikariPool-1 - Shutdown completed.
[36m2024-11-12 10:55:24[0;39m [32m[main][0;39m [34mINFO [0;39m [1;35mc.g.GanmaApplication[0;39m - (Starting GanmaApplication using Java 17.0.12 with PID 5280 (C:\Users\User\Desktop\ganma\target\classes started by User in C:\Users\User\Desktop\ganma)
[36m2024-11-12 10:55:24[0;39m [32m[main][0;39m [34mINFO [0;39m [1;35mc.g.GanmaApplication[0;39m - (No active profile set, falling back to 1 default profile: "default"
[36m2024-11-12 10:55:28[0;39m [32m[main][0;39m [34mINFO [0;39m [1;35mo.a.c.h.Http11NioProtocol[0;39m - (Initializing ProtocolHandler ["http-nio-8081"]
[36m2024-11-12 10:55:28[0;39m [32m[main][0;39m [34mINFO [0;39m [1;35mo.a.c.c.StandardService[0;39m - (Starting service [Tomcat]
[36m2024-11-12 10:55:28[0;39m [32m[main][0;39m [34mINFO [0;39m [1;35mo.a.c.c.StandardEngine[0;39m - (Starting Servlet engine: [Apache Tomcat/10.1.19]
[36m2024-11-12 10:55:28[0;39m [32m[main][0;39m [34mINFO [0;39m [1;35mo.a.c.c.C.[.[.[/][0;39m - (Initializing Spring embedded WebApplicationContext
[36m2024-11-12 10:55:29[0;39m [32m[main][0;39m [34mINFO [0;39m [1;35mc.z.h.HikariDataSource[0;39m - (HikariPool-1 - Starting...
[36m2024-11-12 10:55:30[0;39m [32m[main][0;39m [34mINFO [0;39m [1;35mc.z.h.p.HikariPool[0;39m - (HikariPool-1 - Added connection com.mysql.cj.jdbc.ConnectionImpl@59baf2c7
[36m2024-11-12 10:55:30[0;39m [32m[main][0;39m [34mINFO [0;39m [1;35mc.z.h.HikariDataSource[0;39m - (HikariPool-1 - Start completed.
[36m2024-11-12 10:55:33[0;39m [32m[main][0;39m [34mINFO [0;39m [1;35mo.a.c.h.Http11NioProtocol[0;39m - (Starting ProtocolHandler ["http-nio-8081"]
[36m2024-11-12 10:55:33[0;39m [32m[main][0;39m [34mINFO [0;39m [1;35mc.g.GanmaApplication[0;39m - (Started GanmaApplication in 10.128 seconds (process running for 11.478)
[36m2024-11-12 10:55:37[0;39m [32m[http-nio-8081-exec-1][0;39m [34mINFO [0;39m [1;35mo.a.c.c.C.[.[.[/][0;39m - (Initializing Spring DispatcherServlet 'dispatcherServlet'
[36m2024-11-12 10:56:22[0;39m [32m[SpringApplicationShutdownHook][0;39m [34mINFO [0;39m [1;35mc.z.h.HikariDataSource[0;39m - (HikariPool-1 - Shutdown initiated...
[36m2024-11-12 10:56:22[0;39m [32m[SpringApplicationShutdownHook][0;39m [34mINFO [0;39m [1;35mc.z.h.HikariDataSource[0;39m - (HikariPool-1 - Shutdown completed.
[36m2024-11-12 10:56:27[0;39m [32m[main][0;39m [34mINFO [0;39m [1;35mc.g.GanmaApplication[0;39m - (Starting GanmaApplication using Java 17.0.12 with PID 17688 (C:\Users\User\Desktop\ganma\target\classes started by User in C:\Users\User\Desktop\ganma)
[36m2024-11-12 10:56:27[0;39m [32m[main][0;39m [34mINFO [0;39m [1;35mc.g.GanmaApplication[0;39m - (No active profile set, falling back to 1 default profile: "default"
[36m2024-11-12 10:56:31[0;39m [32m[main][0;39m [34mINFO [0;39m [1;35mo.a.c.h.Http11NioProtocol[0;39m - (Initializing ProtocolHandler ["http-nio-8081"]
[36m2024-11-12 10:56:31[0;39m [32m[main][0;39m [34mINFO [0;39m [1;35mo.a.c.c.StandardService[0;39m - (Starting service [Tomcat]
[36m2024-11-12 10:56:31[0;39m [32m[main][0;39m [34mINFO [0;39m [1;35mo.a.c.c.StandardEngine[0;39m - (Starting Servlet engine: [Apache Tomcat/10.1.19]
[36m2024-11-12 10:56:31[0;39m [32m[main][0;39m [34mINFO [0;39m [1;35mo.a.c.c.C.[.[.[/][0;39m - (Initializing Spring embedded WebApplicationContext
[36m2024-11-12 10:56:32[0;39m [32m[main][0;39m [34mINFO [0;39m [1;35mc.z.h.HikariDataSource[0;39m - (HikariPool-1 - Starting...
[36m2024-11-12 10:56:33[0;39m [32m[main][0;39m [34mINFO [0;39m [1;35mc.z.h.p.HikariPool[0;39m - (HikariPool-1 - Added connection com.mysql.cj.jdbc.ConnectionImpl@5c76fce4
[36m2024-11-12 10:56:33[0;39m [32m[main][0;39m [34mINFO [0;39m [1;35mc.z.h.HikariDataSource[0;39m - (HikariPool-1 - Start completed.
[36m2024-11-12 10:56:36[0;39m [32m[main][0;39m [34mINFO [0;39m [1;35mo.a.c.h.Http11NioProtocol[0;39m - (Starting ProtocolHandler ["http-nio-8081"]
[36m2024-11-12 10:56:36[0;39m [32m[main][0;39m [34mINFO [0;39m [1;35mc.g.GanmaApplication[0;39m - (Started GanmaApplication in 10.726 seconds (process running for 11.983)
[36m2024-11-12 10:58:15[0;39m [32m[http-nio-8081-exec-1][0;39m [34mINFO [0;39m [1;35mo.a.c.c.C.[.[.[/][0;39m - (Initializing Spring DispatcherServlet 'dispatcherServlet'
[36m2024-11-12 13:29:41[0;39m [32m[SpringApplicationShutdownHook][0;39m [34mINFO [0;39m [1;35mc.z.h.HikariDataSource[0;39m - (HikariPool-1 - Shutdown initiated...
[36m2024-11-12 13:29:43[0;39m [32m[SpringApplicationShutdownHook][0;39m [34mINFO [0;39m [1;35mc.z.h.HikariDataSource[0;39m - (HikariPool-1 - Shutdown completed.
